## Start to observe : 180513-18:29:59
## Receive new block : 31
[
  {
    "hash": "0xaf7b73ec35edc6e763379dd929ad2b91fc4795c529835ab8a040fac52b542426",
    "number": 2,
    "parentHash": "0x6fda3178690b38ea393c3269c3d893c8952a2f27d20a39d74f5f3524fc2c879e",
    "nonce": null,
    "transactionsRoot": "0x56e81f171bcc55a6ff8345e692c0f86e5b48e01b996cadc001622fb5e363b421",
    "stateRoot": "0xd16599b8017f60554641db498566461406d5c16a6c6ba33646b2ae87f533a046",
    "miner": "0x00aa39d30f0d20ff03a22ccfc30b7efbfca597c2",
    "difficulty": "0xfffffffffffffffffffffffffffffffa",
    "totalDifficulty": "0x1ffffffffffffffffffffffffedd066cd",
    "size": "0x240",
    "gasLimit": "0x5b5fc2",
    "gasUsed": "0x0",
    "timestamp": 1526201845,
    "transactions": []
  },
  {
    "hash": "0x3f823bcab9b032097ca6fff773376f07bcd48575a01881874061618be4f67cb4",
    "number": 10,
    "parentHash": "0x76bdf761293e1d462431ff3c4b879c499d3605eb02edb76140b764096f47896f",
    "nonce": null,
    "transactionsRoot": "0x56e81f171bcc55a6ff8345e692c0f86e5b48e01b996cadc001622fb5e363b421",
    "stateRoot": "0x52724742f65dfc95ab958a36a7cbe2dac9ffa3dc6eaf168b2fa70fe7716440a7",
    "miner": "0x00aa39d30f0d20ff03a22ccfc30b7efbfca597c2",
    "difficulty": "0xfffffffffffffffffffffffffffffff8",
    "totalDifficulty": "0x9ffffffffffffffffffffffffedd06669",
    "size": "0x240",
    "gasLimit": "0x5aa9ae",
    "gasUsed": "0x0",
    "timestamp": 1526202305,
    "transactions": []
  },
  {
    "hash": "0xe0107a32f58aef49f8f1512b2b1d1943a10934b11940806368a5642f10dbdcf2",
    "number": 3,
    "parentHash": "0xaf7b73ec35edc6e763379dd929ad2b91fc4795c529835ab8a040fac52b542426",
    "nonce": null,
    "transactionsRoot": "0x56e81f171bcc55a6ff8345e692c0f86e5b48e01b996cadc001622fb5e363b421",
    "stateRoot": "0xd16599b8017f60554641db498566461406d5c16a6c6ba33646b2ae87f533a046",
    "miner": "0x002e28950558fbede1a9675cb113f0bd20912019",
    "difficulty": "0xfffffffffffffffffffffffffffffffa",
    "totalDifficulty": "0x2ffffffffffffffffffffffffedd066c7",
    "size": "0x240",
    "gasLimit": "0x5b48ec",
    "gasUsed": "0x0",
    "timestamp": 1526201870,
    "transactions": []
  },
  {
    "hash": "0x7d2541bb5e3907cb3146609d96362c2654534374750b82d8d887263afe0336d1",
    "number": 15,
    "parentHash": "0x44d44eb44df9f223945f08bbe01fc0c0f490f6a9e6f9498e6a065b5ff4b924cb",
    "nonce": null,
    "transactionsRoot": "0x56e81f171bcc55a6ff8345e692c0f86e5b48e01b996cadc001622fb5e363b421",
    "stateRoot": "0x4c6169274307c1db366574c10976e804ec869b279f420fa9b56955b47d7c1c5d",
    "miner": "0x00bd138abd70e2f00903268f3db08f2d25677c9e",
    "difficulty": "0xffffffffffffffffffffffffffffffe9",
    "totalDifficulty": "0xeffffffffffffffffffffffffedd06599",
    "size": "0x240",
    "gasLimit": "0x5a389a",
    "gasUsed": "0x0",
    "timestamp": 1526203320,
    "transactions": []
  },
  {
    "hash": "0xe1835176d353af4eb90bbbcba4807297d7edcfbf046397e2455c6303856c3b8e",
    "number": 11,
    "parentHash": "0x3f823bcab9b032097ca6fff773376f07bcd48575a01881874061618be4f67cb4",
    "nonce": null,
    "transactionsRoot": "0x56e81f171bcc55a6ff8345e692c0f86e5b48e01b996cadc001622fb5e363b421",
    "stateRoot": "0x52724742f65dfc95ab958a36a7cbe2dac9ffa3dc6eaf168b2fa70fe7716440a7",
    "miner": "0x00bd138abd70e2f00903268f3db08f2d25677c9e",
    "difficulty": "0xfffffffffffffffffffffffffffffffc",
    "totalDifficulty": "0xaffffffffffffffffffffffffedd06665",
    "size": "0x240",
    "gasLimit": "0x5a9305",
    "gasUsed": "0x0",
    "timestamp": 1526202320,
    "transactions": []
  },
  {
    "hash": "0xd595e35b1e2f9c2a05c1a1f7058ffcd45c79842061c2d8cbf2a0e8b38b8d1576",
    "number": 7,
    "parentHash": "0xc5b37366d3a3d17a842e67bc9510d87c78fbd938e9f6e65534503074f9bf535f",
    "nonce": null,
    "transactionsRoot": "0x56e81f171bcc55a6ff8345e692c0f86e5b48e01b996cadc001622fb5e363b421",
    "stateRoot": "0xd16599b8017f60554641db498566461406d5c16a6c6ba33646b2ae87f533a046",
    "miner": "0x00a94ac799442fb13de8302026fd03068ba6a428",
    "difficulty": "0xfffffffffffffffffffffffffffffff9",
    "totalDifficulty": "0x6ffffffffffffffffffffffffedd066aa",
    "size": "0x240",
    "gasLimit": "0x5aedcb",
    "gasUsed": "0x0",
    "timestamp": 1526201995,
    "transactions": []
  },
  {
    "hash": "0x447d04b6aa6fbd0d65c2b048779dfaf9a01e65656ec75e083ed3477c359fc053",
    "number": 4,
    "parentHash": "0xe0107a32f58aef49f8f1512b2b1d1943a10934b11940806368a5642f10dbdcf2",
    "nonce": null,
    "transactionsRoot": "0x56e81f171bcc55a6ff8345e692c0f86e5b48e01b996cadc001622fb5e363b421",
    "stateRoot": "0xd16599b8017f60554641db498566461406d5c16a6c6ba33646b2ae87f533a046",
    "miner": "0x00a94ac799442fb13de8302026fd03068ba6a428",
    "difficulty": "0xfffffffffffffffffffffffffffffffe",
    "totalDifficulty": "0x3ffffffffffffffffffffffffedd066c5",
    "size": "0x240",
    "gasLimit": "0x5b321b",
    "gasUsed": "0x0",
    "timestamp": 1526201875,
    "transactions": []
  },
  {
    "hash": "0x2eb80786fe8763e5cd5615040236f7b3bdeddf52fc5156e23c3fc467b170adc3",
    "number": 22,
    "parentHash": "0xa3a4a9a930bc0580f1c5769ae63f935d725d2f60fe62c1d9819beab478de528f",
    "nonce": null,
    "transactionsRoot": "0x56e81f171bcc55a6ff8345e692c0f86e5b48e01b996cadc001622fb5e363b421",
    "stateRoot": "0x4c6169274307c1db366574c10976e804ec869b279f420fa9b56955b47d7c1c5d",
    "miner": "0x00a94ac799442fb13de8302026fd03068ba6a428",
    "difficulty": "0xfffffffffffffffffffffffffffffffe",
    "totalDifficulty": "0x15ffffffffffffffffffffffffedd06573",
    "size": "0x240",
    "gasLimit": "0x599b37",
    "gasUsed": "0x0",
    "timestamp": 1526203475,
    "transactions": []
  },
  {
    "hash": "0xe0d69a967d068ba72f3b758d9c49022d74a5411cc63cbe1a031de082b6d6fb38",
    "number": 16,
    "parentHash": "0x7d2541bb5e3907cb3146609d96362c2654534374750b82d8d887263afe0336d1",
    "nonce": null,
    "transactionsRoot": "0x56e81f171bcc55a6ff8345e692c0f86e5b48e01b996cadc001622fb5e363b421",
    "stateRoot": "0x4c6169274307c1db366574c10976e804ec869b279f420fa9b56955b47d7c1c5d",
    "miner": "0x00aa39d30f0d20ff03a22ccfc30b7efbfca597c2",
    "difficulty": "0xfffffffffffffffffffffffffffffffe",
    "totalDifficulty": "0xfffffffffffffffffffffffffedd06597",
    "size": "0x240",
    "gasLimit": "0x5a220d",
    "gasUsed": "0x0",
    "timestamp": 1526203325,
    "transactions": []
  },
  {
    "hash": "0x44d44eb44df9f223945f08bbe01fc0c0f490f6a9e6f9498e6a065b5ff4b924cb",
    "number": 14,
    "parentHash": "0x037412c03d72edab39e3cd151674d6a265a7065cfd0e056b4c55af7ac9811dd7",
    "nonce": null,
    "transactionsRoot": "0x1293d4ce3f7a8cea786315db74dc27468e1665bd2e8b213336edd42ac02a7b61",
    "stateRoot": "0x4c6169274307c1db366574c10976e804ec869b279f420fa9b56955b47d7c1c5d",
    "miner": "0x002e28950558fbede1a9675cb113f0bd20912019",
    "difficulty": "0xffffffffffffffffffffffffffffff56",
    "totalDifficulty": "0xdffffffffffffffffffffffffedd065b0",
    "size": "0x2a7",
    "gasLimit": "0x5a4f2c",
    "gasUsed": "0x5208",
    "timestamp": 1526203210,
    "transactions": [
      {
        "hash": "0xdcfb9417e908ab09ee0a0ec4704933e93678cf2274f06e8199ab03697a95962f",
        "nonce": "0x3",
        "blockHash": "0x44d44eb44df9f223945f08bbe01fc0c0f490f6a9e6f9498e6a065b5ff4b924cb",
        "blockNumber": 14,
        "transactionIndex": 0,
        "from": "0x00d695cd9b0ff4edc8ce55b493aec495b597e235",
        "to": "0x004ec07d2329997267ec62b4166639513386f32e",
        "value": "0x5",
        "gasPrice": "0x0",
        "gas": "0xe57e0"
      }
    ]
  },
  {
    "hash": "0x81c306445db5f638fa534b59940b9b7cb3588c31aa88262aa46206cfd30bbda2",
    "number": 12,
    "parentHash": "0xe1835176d353af4eb90bbbcba4807297d7edcfbf046397e2455c6303856c3b8e",
    "nonce": null,
    "transactionsRoot": "0xdb00ed7c572050bc4bf544aa89a3f7fa8e807a8401fd7fc262576ecf96db0a35",
    "stateRoot": "0x54f5f995f5fb669963bc8cdccaa7cf1b6c39d9524ac7abbf1ff7034b2f1d362f",
    "miner": "0x00aa39d30f0d20ff03a22ccfc30b7efbfca597c2",
    "difficulty": "0xfffffffffffffffffffffffffffffffa",
    "totalDifficulty": "0xbffffffffffffffffffffffffedd0665f",
    "size": "0x2a7",
    "gasLimit": "0x5a7c62",
    "gasUsed": "0x5208",
    "timestamp": 1526202345,
    "transactions": [
      {
        "hash": "0x6b1a39c39813b49f012b0cf6cef9b375de2f115b19c55c155cbd322aa65610ea",
        "nonce": "0x1",
        "blockHash": "0x81c306445db5f638fa534b59940b9b7cb3588c31aa88262aa46206cfd30bbda2",
        "blockNumber": 12,
        "transactionIndex": 0,
        "from": "0x00d695cd9b0ff4edc8ce55b493aec495b597e235",
        "to": "0x004ec07d2329997267ec62b4166639513386f32e",
        "value": "0x2",
        "gasPrice": "0x0",
        "gas": "0xe57e0"
      }
    ]
  },
  {
    "hash": "0x9bf7d235e91fb70c7529a57086615bbe315ffbfc75067ac9bb5b92d385f67647",
    "number": 18,
    "parentHash": "0xc02b57a2b54a9ae9fe5999b694cfaf244d3f17e918227018b42eb8f914c4c9e5",
    "nonce": null,
    "transactionsRoot": "0x56e81f171bcc55a6ff8345e692c0f86e5b48e01b996cadc001622fb5e363b421",
    "stateRoot": "0x4c6169274307c1db366574c10976e804ec869b279f420fa9b56955b47d7c1c5d",
    "miner": "0x002e28950558fbede1a9675cb113f0bd20912019",
    "difficulty": "0xfffffffffffffffffffffffffffffffc",
    "totalDifficulty": "0x11ffffffffffffffffffffffffedd06590",
    "size": "0x240",
    "gasLimit": "0x59f505",
    "gasUsed": "0x0",
    "timestamp": 1526203350,
    "transactions": []
  },
  {
    "hash": "0x231211f1f5ba4304984d8b9c235b2dcfbb8333cdd6db3f0c5b1793edd518ddba",
    "number": 8,
    "parentHash": "0xd595e35b1e2f9c2a05c1a1f7058ffcd45c79842061c2d8cbf2a0e8b38b8d1576",
    "nonce": null,
    "transactionsRoot": "0x56e81f171bcc55a6ff8345e692c0f86e5b48e01b996cadc001622fb5e363b421",
    "stateRoot": "0xd16599b8017f60554641db498566461406d5c16a6c6ba33646b2ae87f533a046",
    "miner": "0x002e28950558fbede1a9675cb113f0bd20912019",
    "difficulty": "0xfffffffffffffffffffffffffffffffc",
    "totalDifficulty": "0x7ffffffffffffffffffffffffedd066a6",
    "size": "0x240",
    "gasLimit": "0x5ad711",
    "gasUsed": "0x0",
    "timestamp": 1526202010,
    "transactions": []
  },
  {
    "hash": "0xc5b37366d3a3d17a842e67bc9510d87c78fbd938e9f6e65534503074f9bf535f",
    "number": 6,
    "parentHash": "0x2a72b42ea4daff8211a13c50c36c42cccaabe022dd7fcb530e39f0834bcb4850",
    "nonce": null,
    "transactionsRoot": "0x56e81f171bcc55a6ff8345e692c0f86e5b48e01b996cadc001622fb5e363b421",
    "stateRoot": "0xd16599b8017f60554641db498566461406d5c16a6c6ba33646b2ae87f533a046",
    "miner": "0x00aa39d30f0d20ff03a22ccfc30b7efbfca597c2",
    "difficulty": "0xfffffffffffffffffffffffffffffffa",
    "totalDifficulty": "0x5ffffffffffffffffffffffffedd066b1",
    "size": "0x240",
    "gasLimit": "0x5b048b",
    "gasUsed": "0x0",
    "timestamp": 1526201965,
    "transactions": []
  },
  {
    "hash": "0x2a72b42ea4daff8211a13c50c36c42cccaabe022dd7fcb530e39f0834bcb4850",
    "number": 5,
    "parentHash": "0x447d04b6aa6fbd0d65c2b048779dfaf9a01e65656ec75e083ed3477c359fc053",
    "nonce": null,
    "transactionsRoot": "0x56e81f171bcc55a6ff8345e692c0f86e5b48e01b996cadc001622fb5e363b421",
    "stateRoot": "0xd16599b8017f60554641db498566461406d5c16a6c6ba33646b2ae87f533a046",
    "miner": "0x00bd138abd70e2f00903268f3db08f2d25677c9e",
    "difficulty": "0xfffffffffffffffffffffffffffffff2",
    "totalDifficulty": "0x4ffffffffffffffffffffffffedd066b7",
    "size": "0x240",
    "gasLimit": "0x5b1b50",
    "gasUsed": "0x0",
    "timestamp": 1526201940,
    "transactions": []
  },
  {
    "hash": "0x3c9d67374440ca7e603eeb31db7139dc98372e0dc70bbeaa26b4677a8d971f05",
    "number": 31,
    "parentHash": "0x65a794cf99217f44320a1339ac788789c63eb6a0d029633a60b7fe6a5bcffb94",
    "nonce": null,
    "transactionsRoot": "0x6de8512f1e346b52d8a5b18b95a2706279d30ce79f5ad3b07340da8e8a2aa488",
    "stateRoot": "0xc07e91a004aad4b717bf6c81e76153e7f4ae33d7470129b223d0ced6f8b9b039",
    "miner": "0x00bd138abd70e2f00903268f3db08f2d25677c9e",
    "difficulty": "0xfffffffffffffffffffffffffffffff2",
    "totalDifficulty": "0x1effffffffffffffffffffffffedd06529",
    "size": "0x2a7",
    "gasLimit": "0x58d270",
    "gasUsed": "0x5208",
    "timestamp": 1526203800,
    "transactions": [
      {
        "hash": "0x6bfe0ad0382fe0b1f533e6df6766432ab3332e4a33186f7d6217f0e7b847550a",
        "nonce": "0x6",
        "blockHash": "0x3c9d67374440ca7e603eeb31db7139dc98372e0dc70bbeaa26b4677a8d971f05",
        "blockNumber": 31,
        "transactionIndex": 0,
        "from": "0x00d695cd9b0ff4edc8ce55b493aec495b597e235",
        "to": "0x00d695cd9b0ff4edc8ce55b493aec495b597e235",
        "value": "0x0",
        "gasPrice": "0x0",
        "gas": "0xe57e0"
      }
    ]
  },
  {
    "hash": "0x613b565dd940a70d9304b9740318d7177ead2e7c4a154ec7e5979176694239a0",
    "number": 25,
    "parentHash": "0xbd7425690254182168838606bdb5f0601ce49dad7dec268ef8139a69b3c06768",
    "nonce": null,
    "transactionsRoot": "0x56e81f171bcc55a6ff8345e692c0f86e5b48e01b996cadc001622fb5e363b421",
    "stateRoot": "0x20ecaaad92511d2470c462e7e88d1f71a9bec777160885690033663db2b70420",
    "miner": "0x002e28950558fbede1a9675cb113f0bd20912019",
    "difficulty": "0xfffffffffffffffffffffffffffffffd",
    "totalDifficulty": "0x18ffffffffffffffffffffffffedd06555",
    "size": "0x240",
    "gasLimit": "0x595818",
    "gasUsed": "0x0",
    "timestamp": 1526203610,
    "transactions": []
  },
  {
    "hash": "0x25bd8a2a7298fdeeb3121b1965f5f44b79528e50706b2bbc537f6522449782b9",
    "number": 28,
    "parentHash": "0xc57a699a8984e42b869b2d8bf9dc9e8a03f086c11a79fce7efa01bd16c064279",
    "nonce": null,
    "transactionsRoot": "0x56e81f171bcc55a6ff8345e692c0f86e5b48e01b996cadc001622fb5e363b421",
    "stateRoot": "0x738da5fc38c183cc41fe156518b4d214d36a4fd3c5fc5d44455e328e2b47106b",
    "miner": "0x00aa39d30f0d20ff03a22ccfc30b7efbfca597c2",
    "difficulty": "0xfffffffffffffffffffffffffffffffa",
    "totalDifficulty": "0x1bffffffffffffffffffffffffedd0653b",
    "size": "0x240",
    "gasLimit": "0x59152b",
    "gasUsed": "0x0",
    "timestamp": 1526203725,
    "transactions": []
  },
  {
    "hash": "0xc02b57a2b54a9ae9fe5999b694cfaf244d3f17e918227018b42eb8f914c4c9e5",
    "number": 17,
    "parentHash": "0xe0d69a967d068ba72f3b758d9c49022d74a5411cc63cbe1a031de082b6d6fb38",
    "nonce": null,
    "transactionsRoot": "0x56e81f171bcc55a6ff8345e692c0f86e5b48e01b996cadc001622fb5e363b421",
    "stateRoot": "0x4c6169274307c1db366574c10976e804ec869b279f420fa9b56955b47d7c1c5d",
    "miner": "0x00a94ac799442fb13de8302026fd03068ba6a428",
    "difficulty": "0xfffffffffffffffffffffffffffffffd",
    "totalDifficulty": "0x10ffffffffffffffffffffffffedd06594",
    "size": "0x240",
    "gasLimit": "0x5a0b86",
    "gasUsed": "0x0",
    "timestamp": 1526203335,
    "transactions": []
  },
  {
    "hash": "0x7121b7c595c8cae78f12d982fe26d639a0351dcfa1a60c49d41e7a904a1ae393",
    "number": 29,
    "parentHash": "0x25bd8a2a7298fdeeb3121b1965f5f44b79528e50706b2bbc537f6522449782b9",
    "nonce": null,
    "transactionsRoot": "0x56e81f171bcc55a6ff8345e692c0f86e5b48e01b996cadc001622fb5e363b421",
    "stateRoot": "0x738da5fc38c183cc41fe156518b4d214d36a4fd3c5fc5d44455e328e2b47106b",
    "miner": "0x002e28950558fbede1a9675cb113f0bd20912019",
    "difficulty": "0xfffffffffffffffffffffffffffffffe",
    "totalDifficulty": "0x1cffffffffffffffffffffffffedd06539",
    "size": "0x240",
    "gasLimit": "0x58fee7",
    "gasUsed": "0x0",
    "timestamp": 1526203730,
    "transactions": []
  },
  {
    "hash": "0x9098654f1046052cc1ff4627269bcae50b3d5ba73761351aa1ca57626b10e691",
    "number": 23,
    "parentHash": "0x2eb80786fe8763e5cd5615040236f7b3bdeddf52fc5156e23c3fc467b170adc3",
    "nonce": null,
    "transactionsRoot": "0x856b6796cbc571f4ed6201ab14fd326484a6764cde0ccdf4a33a6e943fdcaabb",
    "stateRoot": "0x20ecaaad92511d2470c462e7e88d1f71a9bec777160885690033663db2b70420",
    "miner": "0x00aa39d30f0d20ff03a22ccfc30b7efbfca597c2",
    "difficulty": "0xffffffffffffffffffffffffffffffe9",
    "totalDifficulty": "0x16ffffffffffffffffffffffffedd0655c",
    "size": "0x2a7",
    "gasLimit": "0x5984d2",
    "gasUsed": "0x5208",
    "timestamp": 1526203585,
    "transactions": [
      {
        "hash": "0x7eb87027fb1397d4ca1d92e6bc9a1245b8c7e173bf9dbf0805165b7f0218e3b2",
        "nonce": "0x4",
        "blockHash": "0x9098654f1046052cc1ff4627269bcae50b3d5ba73761351aa1ca57626b10e691",
        "blockNumber": 23,
        "transactionIndex": 0,
        "from": "0x00d695cd9b0ff4edc8ce55b493aec495b597e235",
        "to": "0x00d695cd9b0ff4edc8ce55b493aec495b597e235",
        "value": "0x0",
        "gasPrice": "0x0",
        "gas": "0xe57e0"
      }
    ]
  },
  {
    "hash": "0xbd7425690254182168838606bdb5f0601ce49dad7dec268ef8139a69b3c06768",
    "number": 24,
    "parentHash": "0x9098654f1046052cc1ff4627269bcae50b3d5ba73761351aa1ca57626b10e691",
    "nonce": null,
    "transactionsRoot": "0x56e81f171bcc55a6ff8345e692c0f86e5b48e01b996cadc001622fb5e363b421",
    "stateRoot": "0x20ecaaad92511d2470c462e7e88d1f71a9bec777160885690033663db2b70420",
    "miner": "0x00bd138abd70e2f00903268f3db08f2d25677c9e",
    "difficulty": "0xfffffffffffffffffffffffffffffffc",
    "totalDifficulty": "0x17ffffffffffffffffffffffffedd06558",
    "size": "0x240",
    "gasLimit": "0x596e72",
    "gasUsed": "0x0",
    "timestamp": 1526203600,
    "transactions": []
  },
  {
    "hash": "0x037412c03d72edab39e3cd151674d6a265a7065cfd0e056b4c55af7ac9811dd7",
    "number": 13,
    "parentHash": "0x81c306445db5f638fa534b59940b9b7cb3588c31aa88262aa46206cfd30bbda2",
    "nonce": null,
    "transactionsRoot": "0x2df18c4c4eba4024726e909335cf3fe8ade700515cc3893b9127d16e95e2c356",
    "stateRoot": "0x80a18fe89519907a1e014fa0ccf0452d577f8f03150bffb242df0c2767609a5b",
    "miner": "0x00aa39d30f0d20ff03a22ccfc30b7efbfca597c2",
    "difficulty": "0xfffffffffffffffffffffffffffffffb",
    "totalDifficulty": "0xcffffffffffffffffffffffffedd0665a",
    "size": "0x2a7",
    "gasLimit": "0x5a65c4",
    "gasUsed": "0x5208",
    "timestamp": 1526202365,
    "transactions": [
      {
        "hash": "0x8f8776db24f10a4e97c8284ad72f832bf895f71a7c979ca1c81308ca69ffabdd",
        "nonce": "0x2",
        "blockHash": "0x037412c03d72edab39e3cd151674d6a265a7065cfd0e056b4c55af7ac9811dd7",
        "blockNumber": 13,
        "transactionIndex": 0,
        "from": "0x00d695cd9b0ff4edc8ce55b493aec495b597e235",
        "to": "0x004ec07d2329997267ec62b4166639513386f32e",
        "value": "0x4",
        "gasPrice": "0x0",
        "gas": "0xe57e0"
      }
    ]
  },
  {
    "hash": "0x65a794cf99217f44320a1339ac788789c63eb6a0d029633a60b7fe6a5bcffb94",
    "number": 30,
    "parentHash": "0x7121b7c595c8cae78f12d982fe26d639a0351dcfa1a60c49d41e7a904a1ae393",
    "nonce": null,
    "transactionsRoot": "0x56e81f171bcc55a6ff8345e692c0f86e5b48e01b996cadc001622fb5e363b421",
    "stateRoot": "0x738da5fc38c183cc41fe156518b4d214d36a4fd3c5fc5d44455e328e2b47106b",
    "miner": "0x00a94ac799442fb13de8302026fd03068ba6a428",
    "difficulty": "0xfffffffffffffffffffffffffffffffe",
    "totalDifficulty": "0x1dffffffffffffffffffffffffedd06537",
    "size": "0x240",
    "gasLimit": "0x58e8a9",
    "gasUsed": "0x0",
    "timestamp": 1526203735,
    "transactions": []
  },
  {
    "hash": "0xa3a4a9a930bc0580f1c5769ae63f935d725d2f60fe62c1d9819beab478de528f",
    "number": 21,
    "parentHash": "0xb0473787ead3f75a34ea3b2f1474b9304414a336ecbf35e498d85249c601fe40",
    "nonce": null,
    "transactionsRoot": "0x56e81f171bcc55a6ff8345e692c0f86e5b48e01b996cadc001622fb5e363b421",
    "stateRoot": "0x4c6169274307c1db366574c10976e804ec869b279f420fa9b56955b47d7c1c5d",
    "miner": "0x002e28950558fbede1a9675cb113f0bd20912019",
    "difficulty": "0xfffffffffffffffffffffffffffffffe",
    "totalDifficulty": "0x14ffffffffffffffffffffffffedd06575",
    "size": "0x240",
    "gasLimit": "0x59b1a2",
    "gasUsed": "0x0",
    "timestamp": 1526203470,
    "transactions": []
  },
  {
    "hash": "0x183b5511cdc15276be60411922a16c99b3b1916220d627b19ce68d20517ded0b",
    "number": 26,
    "parentHash": "0x613b565dd940a70d9304b9740318d7177ead2e7c4a154ec7e5979176694239a0",
    "nonce": null,
    "transactionsRoot": "0x56e81f171bcc55a6ff8345e692c0f86e5b48e01b996cadc001622fb5e363b421",
    "stateRoot": "0x20ecaaad92511d2470c462e7e88d1f71a9bec777160885690033663db2b70420",
    "miner": "0x00a94ac799442fb13de8302026fd03068ba6a428",
    "difficulty": "0xfffffffffffffffffffffffffffffffe",
    "totalDifficulty": "0x19ffffffffffffffffffffffffedd06553",
    "size": "0x240",
    "gasLimit": "0x5941c3",
    "gasUsed": "0x0",
    "timestamp": 1526203615,
    "transactions": []
  },
  {
    "hash": "0x76bdf761293e1d462431ff3c4b879c499d3605eb02edb76140b764096f47896f",
    "number": 9,
    "parentHash": "0x231211f1f5ba4304984d8b9c235b2dcfbb8333cdd6db3f0c5b1793edd518ddba",
    "nonce": null,
    "transactionsRoot": "0x9bc077e152b49fa5fca7befba308c66cf2991fe4f7bcc5448616b2940422e45a",
    "stateRoot": "0x52724742f65dfc95ab958a36a7cbe2dac9ffa3dc6eaf168b2fa70fe7716440a7",
    "miner": "0x002e28950558fbede1a9675cb113f0bd20912019",
    "difficulty": "0xffffffffffffffffffffffffffffffcb",
    "totalDifficulty": "0x8ffffffffffffffffffffffffedd06671",
    "size": "0x2a7",
    "gasLimit": "0x5ac05d",
    "gasUsed": "0x5208",
    "timestamp": 1526202270,
    "transactions": [
      {
        "hash": "0x9a8fa3bdd1b08ca0bfa81c245134516409b62bd6d79f4a05476bba458fe10df9",
        "nonce": "0x0",
        "blockHash": "0x76bdf761293e1d462431ff3c4b879c499d3605eb02edb76140b764096f47896f",
        "blockNumber": 9,
        "transactionIndex": 0,
        "from": "0x00d695cd9b0ff4edc8ce55b493aec495b597e235",
        "to": "0x004ec07d2329997267ec62b4166639513386f32e",
        "value": "0x1",
        "gasPrice": "0x0",
        "gas": "0xe57e0"
      }
    ]
  },
  {
    "hash": "0xc57a699a8984e42b869b2d8bf9dc9e8a03f086c11a79fce7efa01bd16c064279",
    "number": 27,
    "parentHash": "0x183b5511cdc15276be60411922a16c99b3b1916220d627b19ce68d20517ded0b",
    "nonce": null,
    "transactionsRoot": "0x3e4b333b7e085be1e50985269bb9ea3d23d1fe576074476940f2880556ce68df",
    "stateRoot": "0x738da5fc38c183cc41fe156518b4d214d36a4fd3c5fc5d44455e328e2b47106b",
    "miner": "0x00bd138abd70e2f00903268f3db08f2d25677c9e",
    "difficulty": "0xffffffffffffffffffffffffffffffee",
    "totalDifficulty": "0x1affffffffffffffffffffffffedd06541",
    "size": "0x2a7",
    "gasLimit": "0x592b74",
    "gasUsed": "0x5208",
    "timestamp": 1526203700,
    "transactions": [
      {
        "hash": "0xd0889230c6d727c8f0b895ecc6f21f3ac2bffe1c1a2600774fc6c09cced14a9f",
        "nonce": "0x5",
        "blockHash": "0xc57a699a8984e42b869b2d8bf9dc9e8a03f086c11a79fce7efa01bd16c064279",
        "blockNumber": 27,
        "transactionIndex": 0,
        "from": "0x00d695cd9b0ff4edc8ce55b493aec495b597e235",
        "to": "0x00d695cd9b0ff4edc8ce55b493aec495b597e235",
        "value": "0x0",
        "gasPrice": "0x0",
        "gas": "0xe57e0"
      }
    ]
  },
  {
    "hash": "0xb12058dad9591e018cac8b9fcfc5e007d79304af324a04231f03547a3d6104f4",
    "number": 19,
    "parentHash": "0x9bf7d235e91fb70c7529a57086615bbe315ffbfc75067ac9bb5b92d385f67647",
    "nonce": null,
    "transactionsRoot": "0x56e81f171bcc55a6ff8345e692c0f86e5b48e01b996cadc001622fb5e363b421",
    "stateRoot": "0x4c6169274307c1db366574c10976e804ec869b279f420fa9b56955b47d7c1c5d",
    "miner": "0x00bd138abd70e2f00903268f3db08f2d25677c9e",
    "difficulty": "0xffffffffffffffffffffffffffffffe9",
    "totalDifficulty": "0x12ffffffffffffffffffffffffedd06579",
    "size": "0x240",
    "gasLimit": "0x59de89",
    "gasUsed": "0x0",
    "timestamp": 1526203460,
    "transactions": []
  },
  {
    "hash": "0xb0473787ead3f75a34ea3b2f1474b9304414a336ecbf35e498d85249c601fe40",
    "number": 20,
    "parentHash": "0xb12058dad9591e018cac8b9fcfc5e007d79304af324a04231f03547a3d6104f4",
    "nonce": null,
    "transactionsRoot": "0x56e81f171bcc55a6ff8345e692c0f86e5b48e01b996cadc001622fb5e363b421",
    "stateRoot": "0x4c6169274307c1db366574c10976e804ec869b279f420fa9b56955b47d7c1c5d",
    "miner": "0x00aa39d30f0d20ff03a22ccfc30b7efbfca597c2",
    "difficulty": "0xfffffffffffffffffffffffffffffffe",
    "totalDifficulty": "0x13ffffffffffffffffffffffffedd06577",
    "size": "0x240",
    "gasLimit": "0x59c813",
    "gasUsed": "0x0",
    "timestamp": 1526203465,
    "transactions": []
  }
]
========================================================================================================================================================================
