20:24:27.188 INFO [d.EthCollectorApplication]  Starting EthCollectorApplication on DESKTOP-497E2KO with PID 5332 (C:\git\blockchain-observer-demo\eth-collector\target\classes started by Administrator in C:\git\blockchain-observer-demo\eth-collector)
20:24:27.190 DEBUG [d.EthCollectorApplication]  Running with Spring Boot v2.0.3.RELEASE, Spring v5.0.7.RELEASE
20:24:27.192 INFO [d.EthCollectorApplication]  No active profile set, falling back to default profiles: default
20:24:28.269 INFO [o.a.c.h.Http11NioProtocol]  Initializing ProtocolHandler ["http-nio-8080"]
20:24:28.275 INFO [o.a.c.c.StandardService]  Starting service [Tomcat]
20:24:28.275 INFO [o.a.c.c.StandardEngine]  Starting Servlet Engine: Apache Tomcat/8.5.31
20:24:28.278 INFO [o.a.c.c.AprLifecycleListener]  The APR based Apache Tomcat Native library which allows optimal performance in production environments was not found on the java.library.path: [C:\Program Files\Java\jdk1.8.0_161\bin;C:\WINDOWS\Sun\Java\bin;C:\WINDOWS\system32;C:\WINDOWS;C:\ProgramData\Oracle\Java\javapath;C:\Windows\system32;C:\Windows;C:\Windows\System32\Wbem;C:\Windows\System32\WindowsPowerShell\v1.0\;C:\Program Files (x86)\NVIDIA Corporation\PhysX\Common;C:\Program Files\Java\jdk1.8.0_161\bin;C:\Program Files\Git\cmd;C:\WINDOWS\system32;C:\WINDOWS;C:\WINDOWS\System32\Wbem;C:\WINDOWS\System32\WindowsPowerShell\v1.0\;C:\Program Files\SlikSvn\bin;C:\Program Files\TortoiseSVN\bin;C:\Program Files\nodejs\;C:\WINDOWS\System32\OpenSSH\;C:\Go\bin;%GOPATH%\bin;C:\Program Files\VisualSVN Server\bin;C:\Users\Administrator\.cargo\bin;C:\Users\Administrator\AppData\Local\Microsoft\WindowsApps;C:\Program Files\Bandizip\;C:\Users\Administrator\AppData\Local\atom\bin;C:\Users\Administrator\AppData\Local\Microsoft\WindowsApps;C:\Users\Administrator\AppData\Roaming\npm;C:\Users\Gopher\Go\bin;.]
20:24:28.358 INFO [o.a.c.c.C.[.[.[/]]  Initializing Spring embedded WebApplicationContext
20:24:28.478 INFO [o.a.c.c.StandardService]  Stopping service [Tomcat]
20:24:28.599 ERROR [o.s.b.d.LoggingFailureAnalysisReporter]  

***************************
APPLICATION FAILED TO START
***************************

Description:

Parameter 0 of constructor in demo.configuration.ObserverConfiguration required a bean of type 'demo.configuration.CollectorProperties' that could not be found.


Action:

Consider defining a bean of type 'demo.configuration.CollectorProperties' in your configuration.

20:24:58.247 INFO [d.EthCollectorApplication]  Starting EthCollectorApplication on DESKTOP-497E2KO with PID 36536 (C:\git\blockchain-observer-demo\eth-collector\target\classes started by Administrator in C:\git\blockchain-observer-demo\eth-collector)
20:24:58.249 DEBUG [d.EthCollectorApplication]  Running with Spring Boot v2.0.3.RELEASE, Spring v5.0.7.RELEASE
20:24:58.251 INFO [d.EthCollectorApplication]  No active profile set, falling back to default profiles: default
20:24:59.331 INFO [o.a.c.h.Http11NioProtocol]  Initializing ProtocolHandler ["http-nio-8080"]
20:24:59.337 INFO [o.a.c.c.StandardService]  Starting service [Tomcat]
20:24:59.338 INFO [o.a.c.c.StandardEngine]  Starting Servlet Engine: Apache Tomcat/8.5.31
20:24:59.341 INFO [o.a.c.c.AprLifecycleListener]  The APR based Apache Tomcat Native library which allows optimal performance in production environments was not found on the java.library.path: [C:\Program Files\Java\jdk1.8.0_161\bin;C:\WINDOWS\Sun\Java\bin;C:\WINDOWS\system32;C:\WINDOWS;C:\ProgramData\Oracle\Java\javapath;C:\Windows\system32;C:\Windows;C:\Windows\System32\Wbem;C:\Windows\System32\WindowsPowerShell\v1.0\;C:\Program Files (x86)\NVIDIA Corporation\PhysX\Common;C:\Program Files\Java\jdk1.8.0_161\bin;C:\Program Files\Git\cmd;C:\WINDOWS\system32;C:\WINDOWS;C:\WINDOWS\System32\Wbem;C:\WINDOWS\System32\WindowsPowerShell\v1.0\;C:\Program Files\SlikSvn\bin;C:\Program Files\TortoiseSVN\bin;C:\Program Files\nodejs\;C:\WINDOWS\System32\OpenSSH\;C:\Go\bin;%GOPATH%\bin;C:\Program Files\VisualSVN Server\bin;C:\Users\Administrator\.cargo\bin;C:\Users\Administrator\AppData\Local\Microsoft\WindowsApps;C:\Program Files\Bandizip\;C:\Users\Administrator\AppData\Local\atom\bin;C:\Users\Administrator\AppData\Local\Microsoft\WindowsApps;C:\Users\Administrator\AppData\Roaming\npm;C:\Users\Gopher\Go\bin;.]
20:24:59.422 INFO [o.a.c.c.C.[.[.[/]]  Initializing Spring embedded WebApplicationContext
20:24:59.551 INFO [o.a.c.c.StandardService]  Stopping service [Tomcat]
20:24:59.568 ERROR [o.s.b.SpringApplication]  Application run failed
org.springframework.beans.factory.BeanCreationException: Error creating bean with name 'temp': Injection of autowired dependencies failed; nested exception is java.lang.IllegalArgumentException: Could not resolve placeholder 'collector.type' in value "${collector.type}"
	at org.springframework.beans.factory.annotation.AutowiredAnnotationBeanPostProcessor.postProcessPropertyValues(AutowiredAnnotationBeanPostProcessor.java:379)
	at org.springframework.beans.factory.support.AbstractAutowireCapableBeanFactory.populateBean(AbstractAutowireCapableBeanFactory.java:1350)
	at org.springframework.beans.factory.support.AbstractAutowireCapableBeanFactory.doCreateBean(AbstractAutowireCapableBeanFactory.java:580)
	at org.springframework.beans.factory.support.AbstractAutowireCapableBeanFactory.createBean(AbstractAutowireCapableBeanFactory.java:503)
	at org.springframework.beans.factory.support.AbstractBeanFactory.lambda$doGetBean$0(AbstractBeanFactory.java:317)
	at org.springframework.beans.factory.support.DefaultSingletonBeanRegistry.getSingleton(DefaultSingletonBeanRegistry.java:222)
	at org.springframework.beans.factory.support.AbstractBeanFactory.doGetBean(AbstractBeanFactory.java:315)
	at org.springframework.beans.factory.support.AbstractBeanFactory.getBean(AbstractBeanFactory.java:199)
	at org.springframework.beans.factory.support.DefaultListableBeanFactory.preInstantiateSingletons(DefaultListableBeanFactory.java:760)
	at org.springframework.context.support.AbstractApplicationContext.finishBeanFactoryInitialization(AbstractApplicationContext.java:869)
	at org.springframework.context.support.AbstractApplicationContext.refresh(AbstractApplicationContext.java:550)
	at org.springframework.boot.web.servlet.context.ServletWebServerApplicationContext.refresh(ServletWebServerApplicationContext.java:140)
	at org.springframework.boot.SpringApplication.refresh(SpringApplication.java:759)
	at org.springframework.boot.SpringApplication.refreshContext(SpringApplication.java:395)
	at org.springframework.boot.SpringApplication.run(SpringApplication.java:327)
	at org.springframework.boot.SpringApplication.run(SpringApplication.java:1255)
	at org.springframework.boot.SpringApplication.run(SpringApplication.java:1243)
	at demo.EthCollectorApplication.main(EthCollectorApplication.java:10)
	at sun.reflect.NativeMethodAccessorImpl.invoke0(Native Method)
	at sun.reflect.NativeMethodAccessorImpl.invoke(NativeMethodAccessorImpl.java:62)
	at sun.reflect.DelegatingMethodAccessorImpl.invoke(DelegatingMethodAccessorImpl.java:43)
	at java.lang.reflect.Method.invoke(Method.java:498)
	at org.springframework.boot.devtools.restart.RestartLauncher.run(RestartLauncher.java:49)
Caused by: java.lang.IllegalArgumentException: Could not resolve placeholder 'collector.type' in value "${collector.type}"
	at org.springframework.util.PropertyPlaceholderHelper.parseStringValue(PropertyPlaceholderHelper.java:172)
	at org.springframework.util.PropertyPlaceholderHelper.replacePlaceholders(PropertyPlaceholderHelper.java:124)
	at org.springframework.core.env.AbstractPropertyResolver.doResolvePlaceholders(AbstractPropertyResolver.java:237)
	at org.springframework.core.env.AbstractPropertyResolver.resolveRequiredPlaceholders(AbstractPropertyResolver.java:211)
	at org.springframework.context.support.PropertySourcesPlaceholderConfigurer.lambda$processProperties$0(PropertySourcesPlaceholderConfigurer.java:175)
	at org.springframework.beans.factory.support.AbstractBeanFactory.resolveEmbeddedValue(AbstractBeanFactory.java:839)
	at org.springframework.beans.factory.support.DefaultListableBeanFactory.doResolveDependency(DefaultListableBeanFactory.java:1086)
	at org.springframework.beans.factory.support.DefaultListableBeanFactory.resolveDependency(DefaultListableBeanFactory.java:1065)
	at org.springframework.beans.factory.annotation.AutowiredAnnotationBeanPostProcessor$AutowiredFieldElement.inject(AutowiredAnnotationBeanPostProcessor.java:584)
	at org.springframework.beans.factory.annotation.InjectionMetadata.inject(InjectionMetadata.java:91)
	at org.springframework.beans.factory.annotation.AutowiredAnnotationBeanPostProcessor.postProcessPropertyValues(AutowiredAnnotationBeanPostProcessor.java:373)
	... 22 common frames omitted
20:26:18.991 INFO [d.EthCollectorApplication]  Starting EthCollectorApplication on DESKTOP-497E2KO with PID 48476 (C:\git\blockchain-observer-demo\eth-collector\target\classes started by Administrator in C:\git\blockchain-observer-demo\eth-collector)
20:26:18.995 DEBUG [d.EthCollectorApplication]  Running with Spring Boot v2.0.3.RELEASE, Spring v5.0.7.RELEASE
20:26:18.996 INFO [d.EthCollectorApplication]  No active profile set, falling back to default profiles: default
20:26:20.068 INFO [o.a.c.h.Http11NioProtocol]  Initializing ProtocolHandler ["http-nio-8080"]
20:26:20.073 INFO [o.a.c.c.StandardService]  Starting service [Tomcat]
20:26:20.073 INFO [o.a.c.c.StandardEngine]  Starting Servlet Engine: Apache Tomcat/8.5.31
20:26:20.076 INFO [o.a.c.c.AprLifecycleListener]  The APR based Apache Tomcat Native library which allows optimal performance in production environments was not found on the java.library.path: [C:\Program Files\Java\jdk1.8.0_161\bin;C:\WINDOWS\Sun\Java\bin;C:\WINDOWS\system32;C:\WINDOWS;C:\ProgramData\Oracle\Java\javapath;C:\Windows\system32;C:\Windows;C:\Windows\System32\Wbem;C:\Windows\System32\WindowsPowerShell\v1.0\;C:\Program Files (x86)\NVIDIA Corporation\PhysX\Common;C:\Program Files\Java\jdk1.8.0_161\bin;C:\Program Files\Git\cmd;C:\WINDOWS\system32;C:\WINDOWS;C:\WINDOWS\System32\Wbem;C:\WINDOWS\System32\WindowsPowerShell\v1.0\;C:\Program Files\SlikSvn\bin;C:\Program Files\TortoiseSVN\bin;C:\Program Files\nodejs\;C:\WINDOWS\System32\OpenSSH\;C:\Go\bin;%GOPATH%\bin;C:\Program Files\VisualSVN Server\bin;C:\Users\Administrator\.cargo\bin;C:\Users\Administrator\AppData\Local\Microsoft\WindowsApps;C:\Program Files\Bandizip\;C:\Users\Administrator\AppData\Local\atom\bin;C:\Users\Administrator\AppData\Local\Microsoft\WindowsApps;C:\Users\Administrator\AppData\Roaming\npm;C:\Users\Gopher\Go\bin;.]
20:26:20.156 INFO [o.a.c.c.C.[.[.[/]]  Initializing Spring embedded WebApplicationContext
20:26:20.291 INFO [o.a.c.c.StandardService]  Stopping service [Tomcat]
20:26:20.308 ERROR [o.s.b.SpringApplication]  Application run failed
org.springframework.beans.factory.BeanCreationException: Error creating bean with name 'temp': Injection of autowired dependencies failed; nested exception is java.lang.IllegalArgumentException: Could not resolve placeholder 'collector.type' in value "${collector.type}"
	at org.springframework.beans.factory.annotation.AutowiredAnnotationBeanPostProcessor.postProcessPropertyValues(AutowiredAnnotationBeanPostProcessor.java:379)
	at org.springframework.beans.factory.support.AbstractAutowireCapableBeanFactory.populateBean(AbstractAutowireCapableBeanFactory.java:1350)
	at org.springframework.beans.factory.support.AbstractAutowireCapableBeanFactory.doCreateBean(AbstractAutowireCapableBeanFactory.java:580)
	at org.springframework.beans.factory.support.AbstractAutowireCapableBeanFactory.createBean(AbstractAutowireCapableBeanFactory.java:503)
	at org.springframework.beans.factory.support.AbstractBeanFactory.lambda$doGetBean$0(AbstractBeanFactory.java:317)
	at org.springframework.beans.factory.support.DefaultSingletonBeanRegistry.getSingleton(DefaultSingletonBeanRegistry.java:222)
	at org.springframework.beans.factory.support.AbstractBeanFactory.doGetBean(AbstractBeanFactory.java:315)
	at org.springframework.beans.factory.support.AbstractBeanFactory.getBean(AbstractBeanFactory.java:199)
	at org.springframework.beans.factory.support.DefaultListableBeanFactory.preInstantiateSingletons(DefaultListableBeanFactory.java:760)
	at org.springframework.context.support.AbstractApplicationContext.finishBeanFactoryInitialization(AbstractApplicationContext.java:869)
	at org.springframework.context.support.AbstractApplicationContext.refresh(AbstractApplicationContext.java:550)
	at org.springframework.boot.web.servlet.context.ServletWebServerApplicationContext.refresh(ServletWebServerApplicationContext.java:140)
	at org.springframework.boot.SpringApplication.refresh(SpringApplication.java:759)
	at org.springframework.boot.SpringApplication.refreshContext(SpringApplication.java:395)
	at org.springframework.boot.SpringApplication.run(SpringApplication.java:327)
	at org.springframework.boot.SpringApplication.run(SpringApplication.java:1255)
	at org.springframework.boot.SpringApplication.run(SpringApplication.java:1243)
	at demo.EthCollectorApplication.main(EthCollectorApplication.java:10)
	at sun.reflect.NativeMethodAccessorImpl.invoke0(Native Method)
	at sun.reflect.NativeMethodAccessorImpl.invoke(NativeMethodAccessorImpl.java:62)
	at sun.reflect.DelegatingMethodAccessorImpl.invoke(DelegatingMethodAccessorImpl.java:43)
	at java.lang.reflect.Method.invoke(Method.java:498)
	at org.springframework.boot.devtools.restart.RestartLauncher.run(RestartLauncher.java:49)
Caused by: java.lang.IllegalArgumentException: Could not resolve placeholder 'collector.type' in value "${collector.type}"
	at org.springframework.util.PropertyPlaceholderHelper.parseStringValue(PropertyPlaceholderHelper.java:172)
	at org.springframework.util.PropertyPlaceholderHelper.replacePlaceholders(PropertyPlaceholderHelper.java:124)
	at org.springframework.core.env.AbstractPropertyResolver.doResolvePlaceholders(AbstractPropertyResolver.java:237)
	at org.springframework.core.env.AbstractPropertyResolver.resolveRequiredPlaceholders(AbstractPropertyResolver.java:211)
	at org.springframework.context.support.PropertySourcesPlaceholderConfigurer.lambda$processProperties$0(PropertySourcesPlaceholderConfigurer.java:175)
	at org.springframework.beans.factory.support.AbstractBeanFactory.resolveEmbeddedValue(AbstractBeanFactory.java:839)
	at org.springframework.beans.factory.support.DefaultListableBeanFactory.doResolveDependency(DefaultListableBeanFactory.java:1086)
	at org.springframework.beans.factory.support.DefaultListableBeanFactory.resolveDependency(DefaultListableBeanFactory.java:1065)
	at org.springframework.beans.factory.annotation.AutowiredAnnotationBeanPostProcessor$AutowiredFieldElement.inject(AutowiredAnnotationBeanPostProcessor.java:584)
	at org.springframework.beans.factory.annotation.InjectionMetadata.inject(InjectionMetadata.java:91)
	at org.springframework.beans.factory.annotation.AutowiredAnnotationBeanPostProcessor.postProcessPropertyValues(AutowiredAnnotationBeanPostProcessor.java:373)
	... 22 common frames omitted
20:26:46.506 INFO [d.EthCollectorApplication]  Starting EthCollectorApplication on DESKTOP-497E2KO with PID 19880 (C:\git\blockchain-observer-demo\eth-collector\target\classes started by Administrator in C:\git\blockchain-observer-demo\eth-collector)
20:26:46.508 DEBUG [d.EthCollectorApplication]  Running with Spring Boot v2.0.3.RELEASE, Spring v5.0.7.RELEASE
20:26:46.509 INFO [d.EthCollectorApplication]  No active profile set, falling back to default profiles: default
20:26:47.553 INFO [o.a.c.h.Http11NioProtocol]  Initializing ProtocolHandler ["http-nio-8080"]
20:26:47.558 INFO [o.a.c.c.StandardService]  Starting service [Tomcat]
20:26:47.558 INFO [o.a.c.c.StandardEngine]  Starting Servlet Engine: Apache Tomcat/8.5.31
20:26:47.561 INFO [o.a.c.c.AprLifecycleListener]  The APR based Apache Tomcat Native library which allows optimal performance in production environments was not found on the java.library.path: [C:\Program Files\Java\jdk1.8.0_161\bin;C:\WINDOWS\Sun\Java\bin;C:\WINDOWS\system32;C:\WINDOWS;C:\ProgramData\Oracle\Java\javapath;C:\Windows\system32;C:\Windows;C:\Windows\System32\Wbem;C:\Windows\System32\WindowsPowerShell\v1.0\;C:\Program Files (x86)\NVIDIA Corporation\PhysX\Common;C:\Program Files\Java\jdk1.8.0_161\bin;C:\Program Files\Git\cmd;C:\WINDOWS\system32;C:\WINDOWS;C:\WINDOWS\System32\Wbem;C:\WINDOWS\System32\WindowsPowerShell\v1.0\;C:\Program Files\SlikSvn\bin;C:\Program Files\TortoiseSVN\bin;C:\Program Files\nodejs\;C:\WINDOWS\System32\OpenSSH\;C:\Go\bin;%GOPATH%\bin;C:\Program Files\VisualSVN Server\bin;C:\Users\Administrator\.cargo\bin;C:\Users\Administrator\AppData\Local\Microsoft\WindowsApps;C:\Program Files\Bandizip\;C:\Users\Administrator\AppData\Local\atom\bin;C:\Users\Administrator\AppData\Local\Microsoft\WindowsApps;C:\Users\Administrator\AppData\Roaming\npm;C:\Users\Gopher\Go\bin;.]
20:26:47.640 INFO [o.a.c.c.C.[.[.[/]]  Initializing Spring embedded WebApplicationContext
20:26:47.762 INFO [o.a.c.c.StandardService]  Stopping service [Tomcat]
20:26:47.779 ERROR [o.s.b.SpringApplication]  Application run failed
org.springframework.beans.factory.BeanCreationException: Error creating bean with name 'temp': Injection of autowired dependencies failed; nested exception is java.lang.IllegalArgumentException: Could not resolve placeholder 'collector.type' in value "${collector.type}"
	at org.springframework.beans.factory.annotation.AutowiredAnnotationBeanPostProcessor.postProcessPropertyValues(AutowiredAnnotationBeanPostProcessor.java:379)
	at org.springframework.beans.factory.support.AbstractAutowireCapableBeanFactory.populateBean(AbstractAutowireCapableBeanFactory.java:1350)
	at org.springframework.beans.factory.support.AbstractAutowireCapableBeanFactory.doCreateBean(AbstractAutowireCapableBeanFactory.java:580)
	at org.springframework.beans.factory.support.AbstractAutowireCapableBeanFactory.createBean(AbstractAutowireCapableBeanFactory.java:503)
	at org.springframework.beans.factory.support.AbstractBeanFactory.lambda$doGetBean$0(AbstractBeanFactory.java:317)
	at org.springframework.beans.factory.support.DefaultSingletonBeanRegistry.getSingleton(DefaultSingletonBeanRegistry.java:222)
	at org.springframework.beans.factory.support.AbstractBeanFactory.doGetBean(AbstractBeanFactory.java:315)
	at org.springframework.beans.factory.support.AbstractBeanFactory.getBean(AbstractBeanFactory.java:199)
	at org.springframework.beans.factory.support.DefaultListableBeanFactory.preInstantiateSingletons(DefaultListableBeanFactory.java:760)
	at org.springframework.context.support.AbstractApplicationContext.finishBeanFactoryInitialization(AbstractApplicationContext.java:869)
	at org.springframework.context.support.AbstractApplicationContext.refresh(AbstractApplicationContext.java:550)
	at org.springframework.boot.web.servlet.context.ServletWebServerApplicationContext.refresh(ServletWebServerApplicationContext.java:140)
	at org.springframework.boot.SpringApplication.refresh(SpringApplication.java:759)
	at org.springframework.boot.SpringApplication.refreshContext(SpringApplication.java:395)
	at org.springframework.boot.SpringApplication.run(SpringApplication.java:327)
	at org.springframework.boot.SpringApplication.run(SpringApplication.java:1255)
	at org.springframework.boot.SpringApplication.run(SpringApplication.java:1243)
	at demo.EthCollectorApplication.main(EthCollectorApplication.java:10)
	at sun.reflect.NativeMethodAccessorImpl.invoke0(Native Method)
	at sun.reflect.NativeMethodAccessorImpl.invoke(NativeMethodAccessorImpl.java:62)
	at sun.reflect.DelegatingMethodAccessorImpl.invoke(DelegatingMethodAccessorImpl.java:43)
	at java.lang.reflect.Method.invoke(Method.java:498)
	at org.springframework.boot.devtools.restart.RestartLauncher.run(RestartLauncher.java:49)
Caused by: java.lang.IllegalArgumentException: Could not resolve placeholder 'collector.type' in value "${collector.type}"
	at org.springframework.util.PropertyPlaceholderHelper.parseStringValue(PropertyPlaceholderHelper.java:172)
	at org.springframework.util.PropertyPlaceholderHelper.replacePlaceholders(PropertyPlaceholderHelper.java:124)
	at org.springframework.core.env.AbstractPropertyResolver.doResolvePlaceholders(AbstractPropertyResolver.java:237)
	at org.springframework.core.env.AbstractPropertyResolver.resolveRequiredPlaceholders(AbstractPropertyResolver.java:211)
	at org.springframework.context.support.PropertySourcesPlaceholderConfigurer.lambda$processProperties$0(PropertySourcesPlaceholderConfigurer.java:175)
	at org.springframework.beans.factory.support.AbstractBeanFactory.resolveEmbeddedValue(AbstractBeanFactory.java:839)
	at org.springframework.beans.factory.support.DefaultListableBeanFactory.doResolveDependency(DefaultListableBeanFactory.java:1086)
	at org.springframework.beans.factory.support.DefaultListableBeanFactory.resolveDependency(DefaultListableBeanFactory.java:1065)
	at org.springframework.beans.factory.annotation.AutowiredAnnotationBeanPostProcessor$AutowiredFieldElement.inject(AutowiredAnnotationBeanPostProcessor.java:584)
	at org.springframework.beans.factory.annotation.InjectionMetadata.inject(InjectionMetadata.java:91)
	at org.springframework.beans.factory.annotation.AutowiredAnnotationBeanPostProcessor.postProcessPropertyValues(AutowiredAnnotationBeanPostProcessor.java:373)
	... 22 common frames omitted
20:30:13.294 INFO [d.EthCollectorApplication]  Starting EthCollectorApplication on DESKTOP-497E2KO with PID 35252 (C:\git\blockchain-observer-demo\eth-collector\target\classes started by Administrator in C:\git\blockchain-observer-demo\eth-collector)
20:30:13.296 DEBUG [d.EthCollectorApplication]  Running with Spring Boot v2.0.3.RELEASE, Spring v5.0.7.RELEASE
20:30:13.297 INFO [d.EthCollectorApplication]  No active profile set, falling back to default profiles: default
20:30:14.297 INFO [o.a.c.h.Http11NioProtocol]  Initializing ProtocolHandler ["http-nio-8080"]
20:30:14.303 INFO [o.a.c.c.StandardService]  Starting service [Tomcat]
20:30:14.304 INFO [o.a.c.c.StandardEngine]  Starting Servlet Engine: Apache Tomcat/8.5.31
20:30:14.306 INFO [o.a.c.c.AprLifecycleListener]  The APR based Apache Tomcat Native library which allows optimal performance in production environments was not found on the java.library.path: [C:\Program Files\Java\jdk1.8.0_161\bin;C:\WINDOWS\Sun\Java\bin;C:\WINDOWS\system32;C:\WINDOWS;C:\ProgramData\Oracle\Java\javapath;C:\Windows\system32;C:\Windows;C:\Windows\System32\Wbem;C:\Windows\System32\WindowsPowerShell\v1.0\;C:\Program Files (x86)\NVIDIA Corporation\PhysX\Common;C:\Program Files\Java\jdk1.8.0_161\bin;C:\Program Files\Git\cmd;C:\WINDOWS\system32;C:\WINDOWS;C:\WINDOWS\System32\Wbem;C:\WINDOWS\System32\WindowsPowerShell\v1.0\;C:\Program Files\SlikSvn\bin;C:\Program Files\TortoiseSVN\bin;C:\Program Files\nodejs\;C:\WINDOWS\System32\OpenSSH\;C:\Go\bin;%GOPATH%\bin;C:\Program Files\VisualSVN Server\bin;C:\Users\Administrator\.cargo\bin;C:\Users\Administrator\AppData\Local\Microsoft\WindowsApps;C:\Program Files\Bandizip\;C:\Users\Administrator\AppData\Local\atom\bin;C:\Users\Administrator\AppData\Local\Microsoft\WindowsApps;C:\Users\Administrator\AppData\Roaming\npm;C:\Users\Gopher\Go\bin;.]
20:30:14.388 INFO [o.a.c.c.C.[.[.[/]]  Initializing Spring embedded WebApplicationContext
20:30:14.520 INFO [o.a.c.c.StandardService]  Stopping service [Tomcat]
20:30:14.537 ERROR [o.s.b.SpringApplication]  Application run failed
org.springframework.beans.factory.BeanCreationException: Error creating bean with name 'temp': Injection of autowired dependencies failed; nested exception is java.lang.IllegalArgumentException: Could not resolve placeholder 'collector.type' in value "${collector.type}"
	at org.springframework.beans.factory.annotation.AutowiredAnnotationBeanPostProcessor.postProcessPropertyValues(AutowiredAnnotationBeanPostProcessor.java:379)
	at org.springframework.beans.factory.support.AbstractAutowireCapableBeanFactory.populateBean(AbstractAutowireCapableBeanFactory.java:1350)
	at org.springframework.beans.factory.support.AbstractAutowireCapableBeanFactory.doCreateBean(AbstractAutowireCapableBeanFactory.java:580)
	at org.springframework.beans.factory.support.AbstractAutowireCapableBeanFactory.createBean(AbstractAutowireCapableBeanFactory.java:503)
	at org.springframework.beans.factory.support.AbstractBeanFactory.lambda$doGetBean$0(AbstractBeanFactory.java:317)
	at org.springframework.beans.factory.support.DefaultSingletonBeanRegistry.getSingleton(DefaultSingletonBeanRegistry.java:222)
	at org.springframework.beans.factory.support.AbstractBeanFactory.doGetBean(AbstractBeanFactory.java:315)
	at org.springframework.beans.factory.support.AbstractBeanFactory.getBean(AbstractBeanFactory.java:199)
	at org.springframework.beans.factory.support.DefaultListableBeanFactory.preInstantiateSingletons(DefaultListableBeanFactory.java:760)
	at org.springframework.context.support.AbstractApplicationContext.finishBeanFactoryInitialization(AbstractApplicationContext.java:869)
	at org.springframework.context.support.AbstractApplicationContext.refresh(AbstractApplicationContext.java:550)
	at org.springframework.boot.web.servlet.context.ServletWebServerApplicationContext.refresh(ServletWebServerApplicationContext.java:140)
	at org.springframework.boot.SpringApplication.refresh(SpringApplication.java:759)
	at org.springframework.boot.SpringApplication.refreshContext(SpringApplication.java:395)
	at org.springframework.boot.SpringApplication.run(SpringApplication.java:327)
	at org.springframework.boot.SpringApplication.run(SpringApplication.java:1255)
	at org.springframework.boot.SpringApplication.run(SpringApplication.java:1243)
	at demo.EthCollectorApplication.main(EthCollectorApplication.java:10)
	at sun.reflect.NativeMethodAccessorImpl.invoke0(Native Method)
	at sun.reflect.NativeMethodAccessorImpl.invoke(NativeMethodAccessorImpl.java:62)
	at sun.reflect.DelegatingMethodAccessorImpl.invoke(DelegatingMethodAccessorImpl.java:43)
	at java.lang.reflect.Method.invoke(Method.java:498)
	at org.springframework.boot.devtools.restart.RestartLauncher.run(RestartLauncher.java:49)
Caused by: java.lang.IllegalArgumentException: Could not resolve placeholder 'collector.type' in value "${collector.type}"
	at org.springframework.util.PropertyPlaceholderHelper.parseStringValue(PropertyPlaceholderHelper.java:172)
	at org.springframework.util.PropertyPlaceholderHelper.replacePlaceholders(PropertyPlaceholderHelper.java:124)
	at org.springframework.core.env.AbstractPropertyResolver.doResolvePlaceholders(AbstractPropertyResolver.java:237)
	at org.springframework.core.env.AbstractPropertyResolver.resolveRequiredPlaceholders(AbstractPropertyResolver.java:211)
	at org.springframework.context.support.PropertySourcesPlaceholderConfigurer.lambda$processProperties$0(PropertySourcesPlaceholderConfigurer.java:175)
	at org.springframework.beans.factory.support.AbstractBeanFactory.resolveEmbeddedValue(AbstractBeanFactory.java:839)
	at org.springframework.beans.factory.support.DefaultListableBeanFactory.doResolveDependency(DefaultListableBeanFactory.java:1086)
	at org.springframework.beans.factory.support.DefaultListableBeanFactory.resolveDependency(DefaultListableBeanFactory.java:1065)
	at org.springframework.beans.factory.annotation.AutowiredAnnotationBeanPostProcessor$AutowiredFieldElement.inject(AutowiredAnnotationBeanPostProcessor.java:584)
	at org.springframework.beans.factory.annotation.InjectionMetadata.inject(InjectionMetadata.java:91)
	at org.springframework.beans.factory.annotation.AutowiredAnnotationBeanPostProcessor.postProcessPropertyValues(AutowiredAnnotationBeanPostProcessor.java:373)
	... 22 common frames omitted
20:30:44.860 INFO [d.EthCollectorApplication]  Starting EthCollectorApplication on DESKTOP-497E2KO with PID 2492 (C:\git\blockchain-observer-demo\eth-collector\target\classes started by Administrator in C:\git\blockchain-observer-demo\eth-collector)
20:30:44.862 DEBUG [d.EthCollectorApplication]  Running with Spring Boot v2.0.3.RELEASE, Spring v5.0.7.RELEASE
20:30:44.864 INFO [d.EthCollectorApplication]  No active profile set, falling back to default profiles: default
20:30:45.889 INFO [o.a.c.h.Http11NioProtocol]  Initializing ProtocolHandler ["http-nio-8080"]
20:30:45.896 INFO [o.a.c.c.StandardService]  Starting service [Tomcat]
20:30:45.896 INFO [o.a.c.c.StandardEngine]  Starting Servlet Engine: Apache Tomcat/8.5.31
20:30:45.899 INFO [o.a.c.c.AprLifecycleListener]  The APR based Apache Tomcat Native library which allows optimal performance in production environments was not found on the java.library.path: [C:\Program Files\Java\jdk1.8.0_161\bin;C:\WINDOWS\Sun\Java\bin;C:\WINDOWS\system32;C:\WINDOWS;C:\ProgramData\Oracle\Java\javapath;C:\Windows\system32;C:\Windows;C:\Windows\System32\Wbem;C:\Windows\System32\WindowsPowerShell\v1.0\;C:\Program Files (x86)\NVIDIA Corporation\PhysX\Common;C:\Program Files\Java\jdk1.8.0_161\bin;C:\Program Files\Git\cmd;C:\WINDOWS\system32;C:\WINDOWS;C:\WINDOWS\System32\Wbem;C:\WINDOWS\System32\WindowsPowerShell\v1.0\;C:\Program Files\SlikSvn\bin;C:\Program Files\TortoiseSVN\bin;C:\Program Files\nodejs\;C:\WINDOWS\System32\OpenSSH\;C:\Go\bin;%GOPATH%\bin;C:\Program Files\VisualSVN Server\bin;C:\Users\Administrator\.cargo\bin;C:\Users\Administrator\AppData\Local\Microsoft\WindowsApps;C:\Program Files\Bandizip\;C:\Users\Administrator\AppData\Local\atom\bin;C:\Users\Administrator\AppData\Local\Microsoft\WindowsApps;C:\Users\Administrator\AppData\Roaming\npm;C:\Users\Gopher\Go\bin;.]
20:30:45.981 INFO [o.a.c.c.C.[.[.[/]]  Initializing Spring embedded WebApplicationContext
20:30:46.110 INFO [o.a.c.c.StandardService]  Stopping service [Tomcat]
20:30:46.127 ERROR [o.s.b.SpringApplication]  Application run failed
org.springframework.beans.factory.BeanCreationException: Error creating bean with name 'temp': Injection of autowired dependencies failed; nested exception is java.lang.IllegalArgumentException: Could not resolve placeholder 'collector.type' in value "${collector.type}"
	at org.springframework.beans.factory.annotation.AutowiredAnnotationBeanPostProcessor.postProcessPropertyValues(AutowiredAnnotationBeanPostProcessor.java:379)
	at org.springframework.beans.factory.support.AbstractAutowireCapableBeanFactory.populateBean(AbstractAutowireCapableBeanFactory.java:1350)
	at org.springframework.beans.factory.support.AbstractAutowireCapableBeanFactory.doCreateBean(AbstractAutowireCapableBeanFactory.java:580)
	at org.springframework.beans.factory.support.AbstractAutowireCapableBeanFactory.createBean(AbstractAutowireCapableBeanFactory.java:503)
	at org.springframework.beans.factory.support.AbstractBeanFactory.lambda$doGetBean$0(AbstractBeanFactory.java:317)
	at org.springframework.beans.factory.support.DefaultSingletonBeanRegistry.getSingleton(DefaultSingletonBeanRegistry.java:222)
	at org.springframework.beans.factory.support.AbstractBeanFactory.doGetBean(AbstractBeanFactory.java:315)
	at org.springframework.beans.factory.support.AbstractBeanFactory.getBean(AbstractBeanFactory.java:199)
	at org.springframework.beans.factory.support.DefaultListableBeanFactory.preInstantiateSingletons(DefaultListableBeanFactory.java:760)
	at org.springframework.context.support.AbstractApplicationContext.finishBeanFactoryInitialization(AbstractApplicationContext.java:869)
	at org.springframework.context.support.AbstractApplicationContext.refresh(AbstractApplicationContext.java:550)
	at org.springframework.boot.web.servlet.context.ServletWebServerApplicationContext.refresh(ServletWebServerApplicationContext.java:140)
	at org.springframework.boot.SpringApplication.refresh(SpringApplication.java:759)
	at org.springframework.boot.SpringApplication.refreshContext(SpringApplication.java:395)
	at org.springframework.boot.SpringApplication.run(SpringApplication.java:327)
	at org.springframework.boot.SpringApplication.run(SpringApplication.java:1255)
	at org.springframework.boot.SpringApplication.run(SpringApplication.java:1243)
	at demo.EthCollectorApplication.main(EthCollectorApplication.java:10)
	at sun.reflect.NativeMethodAccessorImpl.invoke0(Native Method)
	at sun.reflect.NativeMethodAccessorImpl.invoke(NativeMethodAccessorImpl.java:62)
	at sun.reflect.DelegatingMethodAccessorImpl.invoke(DelegatingMethodAccessorImpl.java:43)
	at java.lang.reflect.Method.invoke(Method.java:498)
	at org.springframework.boot.devtools.restart.RestartLauncher.run(RestartLauncher.java:49)
Caused by: java.lang.IllegalArgumentException: Could not resolve placeholder 'collector.type' in value "${collector.type}"
	at org.springframework.util.PropertyPlaceholderHelper.parseStringValue(PropertyPlaceholderHelper.java:172)
	at org.springframework.util.PropertyPlaceholderHelper.replacePlaceholders(PropertyPlaceholderHelper.java:124)
	at org.springframework.core.env.AbstractPropertyResolver.doResolvePlaceholders(AbstractPropertyResolver.java:237)
	at org.springframework.core.env.AbstractPropertyResolver.resolveRequiredPlaceholders(AbstractPropertyResolver.java:211)
	at org.springframework.context.support.PropertySourcesPlaceholderConfigurer.lambda$processProperties$0(PropertySourcesPlaceholderConfigurer.java:175)
	at org.springframework.beans.factory.support.AbstractBeanFactory.resolveEmbeddedValue(AbstractBeanFactory.java:839)
	at org.springframework.beans.factory.support.DefaultListableBeanFactory.doResolveDependency(DefaultListableBeanFactory.java:1086)
	at org.springframework.beans.factory.support.DefaultListableBeanFactory.resolveDependency(DefaultListableBeanFactory.java:1065)
	at org.springframework.beans.factory.annotation.AutowiredAnnotationBeanPostProcessor$AutowiredFieldElement.inject(AutowiredAnnotationBeanPostProcessor.java:584)
	at org.springframework.beans.factory.annotation.InjectionMetadata.inject(InjectionMetadata.java:91)
	at org.springframework.beans.factory.annotation.AutowiredAnnotationBeanPostProcessor.postProcessPropertyValues(AutowiredAnnotationBeanPostProcessor.java:373)
	... 22 common frames omitted
20:32:04.487 INFO [d.EthCollectorApplication]  Starting EthCollectorApplication on DESKTOP-497E2KO with PID 53372 (C:\git\blockchain-observer-demo\eth-collector\target\classes started by Administrator in C:\git\blockchain-observer-demo\eth-collector)
20:32:04.489 DEBUG [d.EthCollectorApplication]  Running with Spring Boot v2.0.3.RELEASE, Spring v5.0.7.RELEASE
20:32:04.491 INFO [d.EthCollectorApplication]  No active profile set, falling back to default profiles: default
20:32:05.552 INFO [o.a.c.h.Http11NioProtocol]  Initializing ProtocolHandler ["http-nio-8080"]
20:32:05.557 INFO [o.a.c.c.StandardService]  Starting service [Tomcat]
20:32:05.557 INFO [o.a.c.c.StandardEngine]  Starting Servlet Engine: Apache Tomcat/8.5.31
20:32:05.560 INFO [o.a.c.c.AprLifecycleListener]  The APR based Apache Tomcat Native library which allows optimal performance in production environments was not found on the java.library.path: [C:\Program Files\Java\jdk1.8.0_161\bin;C:\WINDOWS\Sun\Java\bin;C:\WINDOWS\system32;C:\WINDOWS;C:\ProgramData\Oracle\Java\javapath;C:\Windows\system32;C:\Windows;C:\Windows\System32\Wbem;C:\Windows\System32\WindowsPowerShell\v1.0\;C:\Program Files (x86)\NVIDIA Corporation\PhysX\Common;C:\Program Files\Java\jdk1.8.0_161\bin;C:\Program Files\Git\cmd;C:\WINDOWS\system32;C:\WINDOWS;C:\WINDOWS\System32\Wbem;C:\WINDOWS\System32\WindowsPowerShell\v1.0\;C:\Program Files\SlikSvn\bin;C:\Program Files\TortoiseSVN\bin;C:\Program Files\nodejs\;C:\WINDOWS\System32\OpenSSH\;C:\Go\bin;%GOPATH%\bin;C:\Program Files\VisualSVN Server\bin;C:\Users\Administrator\.cargo\bin;C:\Users\Administrator\AppData\Local\Microsoft\WindowsApps;C:\Program Files\Bandizip\;C:\Users\Administrator\AppData\Local\atom\bin;C:\Users\Administrator\AppData\Local\Microsoft\WindowsApps;C:\Users\Administrator\AppData\Roaming\npm;C:\Users\Gopher\Go\bin;.]
20:32:05.647 INFO [o.a.c.c.C.[.[.[/]]  Initializing Spring embedded WebApplicationContext
20:32:05.777 INFO [o.a.c.c.StandardService]  Stopping service [Tomcat]
20:32:05.794 ERROR [o.s.b.SpringApplication]  Application run failed
org.springframework.beans.factory.BeanCreationException: Error creating bean with name 'temp': Injection of autowired dependencies failed; nested exception is java.lang.IllegalArgumentException: Could not resolve placeholder 'collector.type' in value "${collector.type}"
	at org.springframework.beans.factory.annotation.AutowiredAnnotationBeanPostProcessor.postProcessPropertyValues(AutowiredAnnotationBeanPostProcessor.java:379)
	at org.springframework.beans.factory.support.AbstractAutowireCapableBeanFactory.populateBean(AbstractAutowireCapableBeanFactory.java:1350)
	at org.springframework.beans.factory.support.AbstractAutowireCapableBeanFactory.doCreateBean(AbstractAutowireCapableBeanFactory.java:580)
	at org.springframework.beans.factory.support.AbstractAutowireCapableBeanFactory.createBean(AbstractAutowireCapableBeanFactory.java:503)
	at org.springframework.beans.factory.support.AbstractBeanFactory.lambda$doGetBean$0(AbstractBeanFactory.java:317)
	at org.springframework.beans.factory.support.DefaultSingletonBeanRegistry.getSingleton(DefaultSingletonBeanRegistry.java:222)
	at org.springframework.beans.factory.support.AbstractBeanFactory.doGetBean(AbstractBeanFactory.java:315)
	at org.springframework.beans.factory.support.AbstractBeanFactory.getBean(AbstractBeanFactory.java:199)
	at org.springframework.beans.factory.support.DefaultListableBeanFactory.preInstantiateSingletons(DefaultListableBeanFactory.java:760)
	at org.springframework.context.support.AbstractApplicationContext.finishBeanFactoryInitialization(AbstractApplicationContext.java:869)
	at org.springframework.context.support.AbstractApplicationContext.refresh(AbstractApplicationContext.java:550)
	at org.springframework.boot.web.servlet.context.ServletWebServerApplicationContext.refresh(ServletWebServerApplicationContext.java:140)
	at org.springframework.boot.SpringApplication.refresh(SpringApplication.java:759)
	at org.springframework.boot.SpringApplication.refreshContext(SpringApplication.java:395)
	at org.springframework.boot.SpringApplication.run(SpringApplication.java:327)
	at org.springframework.boot.SpringApplication.run(SpringApplication.java:1255)
	at org.springframework.boot.SpringApplication.run(SpringApplication.java:1243)
	at demo.EthCollectorApplication.main(EthCollectorApplication.java:10)
	at sun.reflect.NativeMethodAccessorImpl.invoke0(Native Method)
	at sun.reflect.NativeMethodAccessorImpl.invoke(NativeMethodAccessorImpl.java:62)
	at sun.reflect.DelegatingMethodAccessorImpl.invoke(DelegatingMethodAccessorImpl.java:43)
	at java.lang.reflect.Method.invoke(Method.java:498)
	at org.springframework.boot.devtools.restart.RestartLauncher.run(RestartLauncher.java:49)
Caused by: java.lang.IllegalArgumentException: Could not resolve placeholder 'collector.type' in value "${collector.type}"
	at org.springframework.util.PropertyPlaceholderHelper.parseStringValue(PropertyPlaceholderHelper.java:172)
	at org.springframework.util.PropertyPlaceholderHelper.replacePlaceholders(PropertyPlaceholderHelper.java:124)
	at org.springframework.core.env.AbstractPropertyResolver.doResolvePlaceholders(AbstractPropertyResolver.java:237)
	at org.springframework.core.env.AbstractPropertyResolver.resolveRequiredPlaceholders(AbstractPropertyResolver.java:211)
	at org.springframework.context.support.PropertySourcesPlaceholderConfigurer.lambda$processProperties$0(PropertySourcesPlaceholderConfigurer.java:175)
	at org.springframework.beans.factory.support.AbstractBeanFactory.resolveEmbeddedValue(AbstractBeanFactory.java:839)
	at org.springframework.beans.factory.support.DefaultListableBeanFactory.doResolveDependency(DefaultListableBeanFactory.java:1086)
	at org.springframework.beans.factory.support.DefaultListableBeanFactory.resolveDependency(DefaultListableBeanFactory.java:1065)
	at org.springframework.beans.factory.annotation.AutowiredAnnotationBeanPostProcessor$AutowiredFieldElement.inject(AutowiredAnnotationBeanPostProcessor.java:584)
	at org.springframework.beans.factory.annotation.InjectionMetadata.inject(InjectionMetadata.java:91)
	at org.springframework.beans.factory.annotation.AutowiredAnnotationBeanPostProcessor.postProcessPropertyValues(AutowiredAnnotationBeanPostProcessor.java:373)
	... 22 common frames omitted
20:32:43.651 INFO [d.EthCollectorApplication]  Starting EthCollectorApplication on DESKTOP-497E2KO with PID 10868 (C:\git\blockchain-observer-demo\eth-collector\target\classes started by Administrator in C:\git\blockchain-observer-demo\eth-collector)
20:32:43.666 DEBUG [d.EthCollectorApplication]  Running with Spring Boot v2.0.3.RELEASE, Spring v5.0.7.RELEASE
20:32:43.667 INFO [d.EthCollectorApplication]  No active profile set, falling back to default profiles: default
20:32:44.632 INFO [o.a.c.h.Http11NioProtocol]  Initializing ProtocolHandler ["http-nio-8080"]
20:32:44.639 INFO [o.a.c.c.StandardService]  Starting service [Tomcat]
20:32:44.639 INFO [o.a.c.c.StandardEngine]  Starting Servlet Engine: Apache Tomcat/8.5.31
20:32:44.641 INFO [o.a.c.c.AprLifecycleListener]  The APR based Apache Tomcat Native library which allows optimal performance in production environments was not found on the java.library.path: [C:\Program Files\Java\jdk1.8.0_161\bin;C:\WINDOWS\Sun\Java\bin;C:\WINDOWS\system32;C:\WINDOWS;C:\ProgramData\Oracle\Java\javapath;C:\Windows\system32;C:\Windows;C:\Windows\System32\Wbem;C:\Windows\System32\WindowsPowerShell\v1.0\;C:\Program Files (x86)\NVIDIA Corporation\PhysX\Common;C:\Program Files\Java\jdk1.8.0_161\bin;C:\Program Files\Git\cmd;C:\WINDOWS\system32;C:\WINDOWS;C:\WINDOWS\System32\Wbem;C:\WINDOWS\System32\WindowsPowerShell\v1.0\;C:\Program Files\SlikSvn\bin;C:\Program Files\TortoiseSVN\bin;C:\Program Files\nodejs\;C:\WINDOWS\System32\OpenSSH\;C:\Go\bin;%GOPATH%\bin;C:\Program Files\VisualSVN Server\bin;C:\Users\Administrator\.cargo\bin;C:\Users\Administrator\AppData\Local\Microsoft\WindowsApps;C:\Program Files\Bandizip\;C:\Users\Administrator\AppData\Local\atom\bin;C:\Users\Administrator\AppData\Local\Microsoft\WindowsApps;C:\Users\Administrator\AppData\Roaming\npm;C:\Users\Gopher\Go\bin;.]
20:32:44.723 INFO [o.a.c.c.C.[.[.[/]]  Initializing Spring embedded WebApplicationContext
20:32:44.848 INFO [o.a.c.c.StandardService]  Stopping service [Tomcat]
20:32:44.864 ERROR [o.s.b.SpringApplication]  Application run failed
org.springframework.beans.factory.BeanCreationException: Error creating bean with name 'temp': Injection of autowired dependencies failed; nested exception is java.lang.IllegalArgumentException: Could not resolve placeholder 'collector.type' in value "${collector.type}"
	at org.springframework.beans.factory.annotation.AutowiredAnnotationBeanPostProcessor.postProcessPropertyValues(AutowiredAnnotationBeanPostProcessor.java:379)
	at org.springframework.beans.factory.support.AbstractAutowireCapableBeanFactory.populateBean(AbstractAutowireCapableBeanFactory.java:1350)
	at org.springframework.beans.factory.support.AbstractAutowireCapableBeanFactory.doCreateBean(AbstractAutowireCapableBeanFactory.java:580)
	at org.springframework.beans.factory.support.AbstractAutowireCapableBeanFactory.createBean(AbstractAutowireCapableBeanFactory.java:503)
	at org.springframework.beans.factory.support.AbstractBeanFactory.lambda$doGetBean$0(AbstractBeanFactory.java:317)
	at org.springframework.beans.factory.support.DefaultSingletonBeanRegistry.getSingleton(DefaultSingletonBeanRegistry.java:222)
	at org.springframework.beans.factory.support.AbstractBeanFactory.doGetBean(AbstractBeanFactory.java:315)
	at org.springframework.beans.factory.support.AbstractBeanFactory.getBean(AbstractBeanFactory.java:199)
	at org.springframework.beans.factory.support.DefaultListableBeanFactory.preInstantiateSingletons(DefaultListableBeanFactory.java:760)
	at org.springframework.context.support.AbstractApplicationContext.finishBeanFactoryInitialization(AbstractApplicationContext.java:869)
	at org.springframework.context.support.AbstractApplicationContext.refresh(AbstractApplicationContext.java:550)
	at org.springframework.boot.web.servlet.context.ServletWebServerApplicationContext.refresh(ServletWebServerApplicationContext.java:140)
	at org.springframework.boot.SpringApplication.refresh(SpringApplication.java:759)
	at org.springframework.boot.SpringApplication.refreshContext(SpringApplication.java:395)
	at org.springframework.boot.SpringApplication.run(SpringApplication.java:327)
	at org.springframework.boot.SpringApplication.run(SpringApplication.java:1255)
	at org.springframework.boot.SpringApplication.run(SpringApplication.java:1243)
	at demo.EthCollectorApplication.main(EthCollectorApplication.java:10)
	at sun.reflect.NativeMethodAccessorImpl.invoke0(Native Method)
	at sun.reflect.NativeMethodAccessorImpl.invoke(NativeMethodAccessorImpl.java:62)
	at sun.reflect.DelegatingMethodAccessorImpl.invoke(DelegatingMethodAccessorImpl.java:43)
	at java.lang.reflect.Method.invoke(Method.java:498)
	at org.springframework.boot.devtools.restart.RestartLauncher.run(RestartLauncher.java:49)
Caused by: java.lang.IllegalArgumentException: Could not resolve placeholder 'collector.type' in value "${collector.type}"
	at org.springframework.util.PropertyPlaceholderHelper.parseStringValue(PropertyPlaceholderHelper.java:172)
	at org.springframework.util.PropertyPlaceholderHelper.replacePlaceholders(PropertyPlaceholderHelper.java:124)
	at org.springframework.core.env.AbstractPropertyResolver.doResolvePlaceholders(AbstractPropertyResolver.java:237)
	at org.springframework.core.env.AbstractPropertyResolver.resolveRequiredPlaceholders(AbstractPropertyResolver.java:211)
	at org.springframework.context.support.PropertySourcesPlaceholderConfigurer.lambda$processProperties$0(PropertySourcesPlaceholderConfigurer.java:175)
	at org.springframework.beans.factory.support.AbstractBeanFactory.resolveEmbeddedValue(AbstractBeanFactory.java:839)
	at org.springframework.beans.factory.support.DefaultListableBeanFactory.doResolveDependency(DefaultListableBeanFactory.java:1086)
	at org.springframework.beans.factory.support.DefaultListableBeanFactory.resolveDependency(DefaultListableBeanFactory.java:1065)
	at org.springframework.beans.factory.annotation.AutowiredAnnotationBeanPostProcessor$AutowiredFieldElement.inject(AutowiredAnnotationBeanPostProcessor.java:584)
	at org.springframework.beans.factory.annotation.InjectionMetadata.inject(InjectionMetadata.java:91)
	at org.springframework.beans.factory.annotation.AutowiredAnnotationBeanPostProcessor.postProcessPropertyValues(AutowiredAnnotationBeanPostProcessor.java:373)
	... 22 common frames omitted
20:32:58.193 INFO [d.EthCollectorApplication]  Starting EthCollectorApplication on DESKTOP-497E2KO with PID 20232 (C:\git\blockchain-observer-demo\eth-collector\target\classes started by Administrator in C:\git\blockchain-observer-demo\eth-collector)
20:32:58.195 DEBUG [d.EthCollectorApplication]  Running with Spring Boot v2.0.3.RELEASE, Spring v5.0.7.RELEASE
20:32:58.197 INFO [d.EthCollectorApplication]  No active profile set, falling back to default profiles: default
20:32:59.400 INFO [o.a.c.h.Http11NioProtocol]  Initializing ProtocolHandler ["http-nio-8080"]
20:32:59.407 INFO [o.a.c.c.StandardService]  Starting service [Tomcat]
20:32:59.407 INFO [o.a.c.c.StandardEngine]  Starting Servlet Engine: Apache Tomcat/8.5.31
20:32:59.411 INFO [o.a.c.c.AprLifecycleListener]  The APR based Apache Tomcat Native library which allows optimal performance in production environments was not found on the java.library.path: [C:\Program Files\Java\jdk1.8.0_161\bin;C:\WINDOWS\Sun\Java\bin;C:\WINDOWS\system32;C:\WINDOWS;C:\ProgramData\Oracle\Java\javapath;C:\Windows\system32;C:\Windows;C:\Windows\System32\Wbem;C:\Windows\System32\WindowsPowerShell\v1.0\;C:\Program Files (x86)\NVIDIA Corporation\PhysX\Common;C:\Program Files\Java\jdk1.8.0_161\bin;C:\Program Files\Git\cmd;C:\WINDOWS\system32;C:\WINDOWS;C:\WINDOWS\System32\Wbem;C:\WINDOWS\System32\WindowsPowerShell\v1.0\;C:\Program Files\SlikSvn\bin;C:\Program Files\TortoiseSVN\bin;C:\Program Files\nodejs\;C:\WINDOWS\System32\OpenSSH\;C:\Go\bin;%GOPATH%\bin;C:\Program Files\VisualSVN Server\bin;C:\Users\Administrator\.cargo\bin;C:\Users\Administrator\AppData\Local\Microsoft\WindowsApps;C:\Program Files\Bandizip\;C:\Users\Administrator\AppData\Local\atom\bin;C:\Users\Administrator\AppData\Local\Microsoft\WindowsApps;C:\Users\Administrator\AppData\Roaming\npm;C:\Users\Gopher\Go\bin;.]
20:32:59.509 INFO [o.a.c.c.C.[.[.[/]]  Initializing Spring embedded WebApplicationContext
20:33:00.154 INFO [o.a.c.h.Http11NioProtocol]  Starting ProtocolHandler ["http-nio-8080"]
20:33:00.169 INFO [o.a.t.u.n.NioSelectorPool]  Using a shared selector for servlet write/read
20:33:00.196 INFO [d.EthCollectorApplication]  Started EthCollectorApplication in 2.369 seconds (JVM running for 3.434)
20:33:28.330 INFO [d.EthCollectorApplication]  Starting EthCollectorApplication on DESKTOP-497E2KO with PID 51184 (C:\git\blockchain-observer-demo\eth-collector\target\classes started by Administrator in C:\git\blockchain-observer-demo\eth-collector)
20:33:28.332 DEBUG [d.EthCollectorApplication]  Running with Spring Boot v2.0.3.RELEASE, Spring v5.0.7.RELEASE
20:33:28.333 INFO [d.EthCollectorApplication]  No active profile set, falling back to default profiles: default
20:33:29.285 INFO [o.a.c.h.Http11NioProtocol]  Initializing ProtocolHandler ["http-nio-8080"]
20:33:29.291 INFO [o.a.c.c.StandardService]  Starting service [Tomcat]
20:33:29.291 INFO [o.a.c.c.StandardEngine]  Starting Servlet Engine: Apache Tomcat/8.5.31
20:33:29.294 INFO [o.a.c.c.AprLifecycleListener]  The APR based Apache Tomcat Native library which allows optimal performance in production environments was not found on the java.library.path: [C:\Program Files\Java\jdk1.8.0_161\bin;C:\WINDOWS\Sun\Java\bin;C:\WINDOWS\system32;C:\WINDOWS;C:\ProgramData\Oracle\Java\javapath;C:\Windows\system32;C:\Windows;C:\Windows\System32\Wbem;C:\Windows\System32\WindowsPowerShell\v1.0\;C:\Program Files (x86)\NVIDIA Corporation\PhysX\Common;C:\Program Files\Java\jdk1.8.0_161\bin;C:\Program Files\Git\cmd;C:\WINDOWS\system32;C:\WINDOWS;C:\WINDOWS\System32\Wbem;C:\WINDOWS\System32\WindowsPowerShell\v1.0\;C:\Program Files\SlikSvn\bin;C:\Program Files\TortoiseSVN\bin;C:\Program Files\nodejs\;C:\WINDOWS\System32\OpenSSH\;C:\Go\bin;%GOPATH%\bin;C:\Program Files\VisualSVN Server\bin;C:\Users\Administrator\.cargo\bin;C:\Users\Administrator\AppData\Local\Microsoft\WindowsApps;C:\Program Files\Bandizip\;C:\Users\Administrator\AppData\Local\atom\bin;C:\Users\Administrator\AppData\Local\Microsoft\WindowsApps;C:\Users\Administrator\AppData\Roaming\npm;C:\Users\Gopher\Go\bin;.]
20:33:29.372 INFO [o.a.c.c.C.[.[.[/]]  Initializing Spring embedded WebApplicationContext
20:33:29.936 INFO [o.a.c.h.Http11NioProtocol]  Starting ProtocolHandler ["http-nio-8080"]
20:33:29.947 INFO [o.a.t.u.n.NioSelectorPool]  Using a shared selector for servlet write/read
20:33:29.968 INFO [d.EthCollectorApplication]  Started EthCollectorApplication in 1.896 seconds (JVM running for 2.965)
20:34:36.491 INFO [d.EthCollectorApplication]  Starting EthCollectorApplication on DESKTOP-497E2KO with PID 52240 (C:\git\blockchain-observer-demo\eth-collector\target\classes started by Administrator in C:\git\blockchain-observer-demo\eth-collector)
20:34:36.492 DEBUG [d.EthCollectorApplication]  Running with Spring Boot v2.0.3.RELEASE, Spring v5.0.7.RELEASE
20:34:36.493 INFO [d.EthCollectorApplication]  No active profile set, falling back to default profiles: default
20:34:37.492 INFO [o.a.c.h.Http11NioProtocol]  Initializing ProtocolHandler ["http-nio-8080"]
20:34:37.498 INFO [o.a.c.c.StandardService]  Starting service [Tomcat]
20:34:37.499 INFO [o.a.c.c.StandardEngine]  Starting Servlet Engine: Apache Tomcat/8.5.31
20:34:37.501 INFO [o.a.c.c.AprLifecycleListener]  The APR based Apache Tomcat Native library which allows optimal performance in production environments was not found on the java.library.path: [C:\Program Files\Java\jdk1.8.0_161\bin;C:\WINDOWS\Sun\Java\bin;C:\WINDOWS\system32;C:\WINDOWS;C:\ProgramData\Oracle\Java\javapath;C:\Windows\system32;C:\Windows;C:\Windows\System32\Wbem;C:\Windows\System32\WindowsPowerShell\v1.0\;C:\Program Files (x86)\NVIDIA Corporation\PhysX\Common;C:\Program Files\Java\jdk1.8.0_161\bin;C:\Program Files\Git\cmd;C:\WINDOWS\system32;C:\WINDOWS;C:\WINDOWS\System32\Wbem;C:\WINDOWS\System32\WindowsPowerShell\v1.0\;C:\Program Files\SlikSvn\bin;C:\Program Files\TortoiseSVN\bin;C:\Program Files\nodejs\;C:\WINDOWS\System32\OpenSSH\;C:\Go\bin;%GOPATH%\bin;C:\Program Files\VisualSVN Server\bin;C:\Users\Administrator\.cargo\bin;C:\Users\Administrator\AppData\Local\Microsoft\WindowsApps;C:\Program Files\Bandizip\;C:\Users\Administrator\AppData\Local\atom\bin;C:\Users\Administrator\AppData\Local\Microsoft\WindowsApps;C:\Users\Administrator\AppData\Roaming\npm;C:\Users\Gopher\Go\bin;.]
20:34:37.583 INFO [o.a.c.c.C.[.[.[/]]  Initializing Spring embedded WebApplicationContext
20:34:38.155 INFO [o.a.c.h.Http11NioProtocol]  Starting ProtocolHandler ["http-nio-8080"]
20:34:38.167 INFO [o.a.t.u.n.NioSelectorPool]  Using a shared selector for servlet write/read
20:34:38.190 INFO [d.EthCollectorApplication]  Started EthCollectorApplication in 1.983 seconds (JVM running for 3.083)
20:35:24.093 INFO [d.EthCollectorApplication]  Starting EthCollectorApplication on DESKTOP-497E2KO with PID 31648 (C:\git\blockchain-observer-demo\eth-collector\target\classes started by Administrator in C:\git\blockchain-observer-demo\eth-collector)
20:35:24.095 DEBUG [d.EthCollectorApplication]  Running with Spring Boot v2.0.3.RELEASE, Spring v5.0.7.RELEASE
20:35:24.096 INFO [d.EthCollectorApplication]  No active profile set, falling back to default profiles: default
20:35:25.080 INFO [o.a.c.h.Http11NioProtocol]  Initializing ProtocolHandler ["http-nio-8080"]
20:35:25.086 INFO [o.a.c.c.StandardService]  Starting service [Tomcat]
20:35:25.086 INFO [o.a.c.c.StandardEngine]  Starting Servlet Engine: Apache Tomcat/8.5.31
20:35:25.089 INFO [o.a.c.c.AprLifecycleListener]  The APR based Apache Tomcat Native library which allows optimal performance in production environments was not found on the java.library.path: [C:\Program Files\Java\jdk1.8.0_161\bin;C:\WINDOWS\Sun\Java\bin;C:\WINDOWS\system32;C:\WINDOWS;C:\ProgramData\Oracle\Java\javapath;C:\Windows\system32;C:\Windows;C:\Windows\System32\Wbem;C:\Windows\System32\WindowsPowerShell\v1.0\;C:\Program Files (x86)\NVIDIA Corporation\PhysX\Common;C:\Program Files\Java\jdk1.8.0_161\bin;C:\Program Files\Git\cmd;C:\WINDOWS\system32;C:\WINDOWS;C:\WINDOWS\System32\Wbem;C:\WINDOWS\System32\WindowsPowerShell\v1.0\;C:\Program Files\SlikSvn\bin;C:\Program Files\TortoiseSVN\bin;C:\Program Files\nodejs\;C:\WINDOWS\System32\OpenSSH\;C:\Go\bin;%GOPATH%\bin;C:\Program Files\VisualSVN Server\bin;C:\Users\Administrator\.cargo\bin;C:\Users\Administrator\AppData\Local\Microsoft\WindowsApps;C:\Program Files\Bandizip\;C:\Users\Administrator\AppData\Local\atom\bin;C:\Users\Administrator\AppData\Local\Microsoft\WindowsApps;C:\Users\Administrator\AppData\Roaming\npm;C:\Users\Gopher\Go\bin;.]
20:35:25.170 INFO [o.a.c.c.C.[.[.[/]]  Initializing Spring embedded WebApplicationContext
20:35:25.745 INFO [o.a.c.h.Http11NioProtocol]  Starting ProtocolHandler ["http-nio-8080"]
20:35:25.756 INFO [o.a.t.u.n.NioSelectorPool]  Using a shared selector for servlet write/read
20:35:25.777 INFO [d.EthCollectorApplication]  Started EthCollectorApplication in 1.956 seconds (JVM running for 2.983)
20:36:12.377 INFO [d.EthCollectorApplication]  Starting EthCollectorApplication on DESKTOP-497E2KO with PID 22824 (C:\git\blockchain-observer-demo\eth-collector\target\classes started by Administrator in C:\git\blockchain-observer-demo\eth-collector)
20:36:12.380 DEBUG [d.EthCollectorApplication]  Running with Spring Boot v2.0.3.RELEASE, Spring v5.0.7.RELEASE
20:36:12.381 INFO [d.EthCollectorApplication]  No active profile set, falling back to default profiles: default
20:36:13.493 INFO [o.a.c.h.Http11NioProtocol]  Initializing ProtocolHandler ["http-nio-8080"]
20:36:13.499 INFO [o.a.c.c.StandardService]  Starting service [Tomcat]
20:36:13.499 INFO [o.a.c.c.StandardEngine]  Starting Servlet Engine: Apache Tomcat/8.5.31
20:36:13.502 INFO [o.a.c.c.AprLifecycleListener]  The APR based Apache Tomcat Native library which allows optimal performance in production environments was not found on the java.library.path: [C:\Program Files\Java\jdk1.8.0_161\bin;C:\WINDOWS\Sun\Java\bin;C:\WINDOWS\system32;C:\WINDOWS;C:\ProgramData\Oracle\Java\javapath;C:\Windows\system32;C:\Windows;C:\Windows\System32\Wbem;C:\Windows\System32\WindowsPowerShell\v1.0\;C:\Program Files (x86)\NVIDIA Corporation\PhysX\Common;C:\Program Files\Java\jdk1.8.0_161\bin;C:\Program Files\Git\cmd;C:\WINDOWS\system32;C:\WINDOWS;C:\WINDOWS\System32\Wbem;C:\WINDOWS\System32\WindowsPowerShell\v1.0\;C:\Program Files\SlikSvn\bin;C:\Program Files\TortoiseSVN\bin;C:\Program Files\nodejs\;C:\WINDOWS\System32\OpenSSH\;C:\Go\bin;%GOPATH%\bin;C:\Program Files\VisualSVN Server\bin;C:\Users\Administrator\.cargo\bin;C:\Users\Administrator\AppData\Local\Microsoft\WindowsApps;C:\Program Files\Bandizip\;C:\Users\Administrator\AppData\Local\atom\bin;C:\Users\Administrator\AppData\Local\Microsoft\WindowsApps;C:\Users\Administrator\AppData\Roaming\npm;C:\Users\Gopher\Go\bin;.]
20:36:13.596 INFO [o.a.c.c.C.[.[.[/]]  Initializing Spring embedded WebApplicationContext
20:36:14.237 INFO [o.a.c.h.Http11NioProtocol]  Starting ProtocolHandler ["http-nio-8080"]
20:36:14.251 INFO [o.a.t.u.n.NioSelectorPool]  Using a shared selector for servlet write/read
20:36:14.274 INFO [d.EthCollectorApplication]  Started EthCollectorApplication in 2.189 seconds (JVM running for 3.231)
20:36:58.083 INFO [d.EthCollectorApplication]  Starting EthCollectorApplication on DESKTOP-497E2KO with PID 53264 (C:\git\blockchain-observer-demo\eth-collector\target\classes started by Administrator in C:\git\blockchain-observer-demo\eth-collector)
20:36:58.086 DEBUG [d.EthCollectorApplication]  Running with Spring Boot v2.0.3.RELEASE, Spring v5.0.7.RELEASE
20:36:58.088 INFO [d.EthCollectorApplication]  No active profile set, falling back to default profiles: default
20:36:59.232 INFO [o.a.c.h.Http11NioProtocol]  Initializing ProtocolHandler ["http-nio-8080"]
20:36:59.240 INFO [o.a.c.c.StandardService]  Starting service [Tomcat]
20:36:59.240 INFO [o.a.c.c.StandardEngine]  Starting Servlet Engine: Apache Tomcat/8.5.31
20:36:59.243 INFO [o.a.c.c.AprLifecycleListener]  The APR based Apache Tomcat Native library which allows optimal performance in production environments was not found on the java.library.path: [C:\Program Files\Java\jdk1.8.0_161\bin;C:\WINDOWS\Sun\Java\bin;C:\WINDOWS\system32;C:\WINDOWS;C:\ProgramData\Oracle\Java\javapath;C:\Windows\system32;C:\Windows;C:\Windows\System32\Wbem;C:\Windows\System32\WindowsPowerShell\v1.0\;C:\Program Files (x86)\NVIDIA Corporation\PhysX\Common;C:\Program Files\Java\jdk1.8.0_161\bin;C:\Program Files\Git\cmd;C:\WINDOWS\system32;C:\WINDOWS;C:\WINDOWS\System32\Wbem;C:\WINDOWS\System32\WindowsPowerShell\v1.0\;C:\Program Files\SlikSvn\bin;C:\Program Files\TortoiseSVN\bin;C:\Program Files\nodejs\;C:\WINDOWS\System32\OpenSSH\;C:\Go\bin;%GOPATH%\bin;C:\Program Files\VisualSVN Server\bin;C:\Users\Administrator\.cargo\bin;C:\Users\Administrator\AppData\Local\Microsoft\WindowsApps;C:\Program Files\Bandizip\;C:\Users\Administrator\AppData\Local\atom\bin;C:\Users\Administrator\AppData\Local\Microsoft\WindowsApps;C:\Users\Administrator\AppData\Roaming\npm;C:\Users\Gopher\Go\bin;.]
20:36:59.338 INFO [o.a.c.c.C.[.[.[/]]  Initializing Spring embedded WebApplicationContext
20:36:59.984 INFO [o.a.c.h.Http11NioProtocol]  Starting ProtocolHandler ["http-nio-8080"]
20:36:59.997 INFO [o.a.t.u.n.NioSelectorPool]  Using a shared selector for servlet write/read
20:37:00.022 INFO [d.EthCollectorApplication]  Started EthCollectorApplication in 2.269 seconds (JVM running for 3.381)
20:37:28.094 INFO [d.EthCollectorApplication]  Starting EthCollectorApplication on DESKTOP-497E2KO with PID 26940 (C:\git\blockchain-observer-demo\eth-collector\target\classes started by Administrator in C:\git\blockchain-observer-demo\eth-collector)
20:37:28.096 DEBUG [d.EthCollectorApplication]  Running with Spring Boot v2.0.3.RELEASE, Spring v5.0.7.RELEASE
20:37:28.098 INFO [d.EthCollectorApplication]  No active profile set, falling back to default profiles: default
20:37:29.220 INFO [o.a.c.h.Http11NioProtocol]  Initializing ProtocolHandler ["http-nio-8080"]
20:37:29.227 INFO [o.a.c.c.StandardService]  Starting service [Tomcat]
20:37:29.228 INFO [o.a.c.c.StandardEngine]  Starting Servlet Engine: Apache Tomcat/8.5.31
20:37:29.231 INFO [o.a.c.c.AprLifecycleListener]  The APR based Apache Tomcat Native library which allows optimal performance in production environments was not found on the java.library.path: [C:\Program Files\Java\jdk1.8.0_161\bin;C:\WINDOWS\Sun\Java\bin;C:\WINDOWS\system32;C:\WINDOWS;C:\ProgramData\Oracle\Java\javapath;C:\Windows\system32;C:\Windows;C:\Windows\System32\Wbem;C:\Windows\System32\WindowsPowerShell\v1.0\;C:\Program Files (x86)\NVIDIA Corporation\PhysX\Common;C:\Program Files\Java\jdk1.8.0_161\bin;C:\Program Files\Git\cmd;C:\WINDOWS\system32;C:\WINDOWS;C:\WINDOWS\System32\Wbem;C:\WINDOWS\System32\WindowsPowerShell\v1.0\;C:\Program Files\SlikSvn\bin;C:\Program Files\TortoiseSVN\bin;C:\Program Files\nodejs\;C:\WINDOWS\System32\OpenSSH\;C:\Go\bin;%GOPATH%\bin;C:\Program Files\VisualSVN Server\bin;C:\Users\Administrator\.cargo\bin;C:\Users\Administrator\AppData\Local\Microsoft\WindowsApps;C:\Program Files\Bandizip\;C:\Users\Administrator\AppData\Local\atom\bin;C:\Users\Administrator\AppData\Local\Microsoft\WindowsApps;C:\Users\Administrator\AppData\Roaming\npm;C:\Users\Gopher\Go\bin;.]
20:37:29.328 INFO [o.a.c.c.C.[.[.[/]]  Initializing Spring embedded WebApplicationContext
20:37:29.978 INFO [o.a.c.h.Http11NioProtocol]  Starting ProtocolHandler ["http-nio-8080"]
20:37:29.991 INFO [o.a.t.u.n.NioSelectorPool]  Using a shared selector for servlet write/read
20:37:30.015 INFO [d.EthCollectorApplication]  Started EthCollectorApplication in 2.226 seconds (JVM running for 3.262)
